<?xml version="1.0" encoding="UTF-8"?>
<coverage generated="1743970751443" clover="3.2.0">
  <project timestamp="1743970751443" name="All files">
    <metrics statements="152" coveredstatements="129" conditionals="72" coveredconditionals="63" methods="31" coveredmethods="22" elements="255" coveredelements="214" complexity="0" loc="152" ncloc="152" packages="4" files="12" classes="12"/>
    <package name="components">
      <metrics statements="30" coveredstatements="27" conditionals="18" coveredconditionals="17" methods="7" coveredmethods="4"/>
      <file name="HomePage.vue" path="C:\Users\dtama\Music\Vuejs Prueba\poke-api\src\components\HomePage.vue">
        <metrics statements="20" coveredstatements="17" conditionals="12" coveredconditionals="11" methods="6" coveredmethods="3"/>
        <line num="4" count="1" type="stmt"/>
        <line num="5" count="1" type="stmt"/>
        <line num="8" count="1" type="stmt"/>
        <line num="9" count="1" type="stmt"/>
        <line num="10" count="1" type="stmt"/>
        <line num="181" count="1" type="stmt"/>
        <line num="184" count="1" type="stmt"/>
        <line num="185" count="1" type="stmt"/>
        <line num="186" count="1" type="stmt"/>
        <line num="187" count="1" type="stmt"/>
        <line num="188" count="1" type="stmt"/>
        <line num="191" count="1" type="stmt"/>
        <line num="195" count="1" type="stmt"/>
        <line num="200" count="5" type="stmt"/>
        <line num="208" count="0" type="cond" truecount="2" falsecount="0"/>
        <line num="212" count="0" type="stmt"/>
        <line num="216" count="0" type="stmt"/>
        <line num="226" count="5" type="cond" truecount="2" falsecount="0"/>
        <line num="232" count="1" type="stmt"/>
        <line num="237" count="1" type="stmt"/>
      </file>
      <file name="WelcomePage.vue" path="C:\Users\dtama\Music\Vuejs Prueba\poke-api\src\components\WelcomePage.vue">
        <metrics statements="10" coveredstatements="10" conditionals="6" coveredconditionals="6" methods="1" coveredmethods="1"/>
        <line num="4" count="1" type="stmt"/>
        <line num="5" count="1" type="stmt"/>
        <line num="8" count="1" type="stmt"/>
        <line num="9" count="1" type="stmt"/>
        <line num="56" count="1" type="stmt"/>
        <line num="59" count="1" type="stmt"/>
        <line num="60" count="1" type="stmt"/>
        <line num="61" count="1" type="stmt"/>
        <line num="65" count="2" type="cond" truecount="2" falsecount="0"/>
        <line num="73" count="1" type="stmt"/>
      </file>
    </package>
    <package name="components.shared-components">
      <metrics statements="82" coveredstatements="82" conditionals="46" coveredconditionals="46" methods="14" coveredmethods="14"/>
      <file name="BottomBar.vue" path="C:\Users\dtama\Music\Vuejs Prueba\poke-api\src\components\shared-components\BottomBar.vue">
        <metrics statements="11" coveredstatements="11" conditionals="8" coveredconditionals="8" methods="3" coveredmethods="3"/>
        <line num="4" count="2" type="stmt"/>
        <line num="5" count="2" type="stmt"/>
        <line num="8" count="2" type="stmt"/>
        <line num="67" count="2" type="stmt"/>
        <line num="70" count="2" type="stmt"/>
        <line num="71" count="2" type="stmt"/>
        <line num="72" count="2" type="stmt"/>
        <line num="76" count="3" type="stmt"/>
        <line num="80" count="2" type="cond" truecount="2" falsecount="0"/>
        <line num="88" count="2" type="cond" truecount="2" falsecount="0"/>
        <line num="90" count="2" type="stmt"/>
      </file>
      <file name="ButtonComponent.vue" path="C:\Users\dtama\Music\Vuejs Prueba\poke-api\src\components\shared-components\ButtonComponent.vue">
        <metrics statements="9" coveredstatements="9" conditionals="2" coveredconditionals="2" methods="1" coveredmethods="1"/>
        <line num="4" count="4" type="stmt"/>
        <line num="7" count="4" type="stmt"/>
        <line num="69" count="4" type="stmt"/>
        <line num="72" count="4" type="stmt"/>
        <line num="73" count="4" type="stmt"/>
        <line num="74" count="4" type="stmt"/>
        <line num="75" count="4" type="stmt"/>
        <line num="77" count="5" type="stmt"/>
        <line num="85" count="4" type="stmt"/>
      </file>
      <file name="CopiedNotification.vue" path="C:\Users\dtama\Music\Vuejs Prueba\poke-api\src\components\shared-components\CopiedNotification.vue">
        <metrics statements="14" coveredstatements="14" conditionals="4" coveredconditionals="4" methods="3" coveredmethods="3"/>
        <line num="4" count="3" type="stmt"/>
        <line num="7" count="3" type="stmt"/>
        <line num="8" count="3" type="stmt"/>
        <line num="16" count="6" type="stmt"/>
        <line num="17" count="6" type="stmt"/>
        <line num="18" count="6" type="stmt"/>
        <line num="22" count="6" type="stmt"/>
        <line num="27" count="3" type="stmt"/>
        <line num="30" count="3" type="stmt"/>
        <line num="31" count="3" type="stmt"/>
        <line num="32" count="3" type="stmt"/>
        <line num="38" count="6" type="stmt"/>
        <line num="41" count="6" type="cond" truecount="4" falsecount="0"/>
        <line num="85" count="3" type="stmt"/>
      </file>
      <file name="FavoriteButton.vue" path="C:\Users\dtama\Music\Vuejs Prueba\poke-api\src\components\shared-components\FavoriteButton.vue">
        <metrics statements="8" coveredstatements="8" conditionals="4" coveredconditionals="4" methods="1" coveredmethods="1"/>
        <line num="4" count="4" type="stmt"/>
        <line num="7" count="4" type="stmt"/>
        <line num="69" count="4" type="stmt"/>
        <line num="72" count="4" type="stmt"/>
        <line num="73" count="4" type="stmt"/>
        <line num="74" count="4" type="stmt"/>
        <line num="76" count="15" type="stmt"/>
        <line num="88" count="4" type="stmt"/>
      </file>
      <file name="ListComponent.vue" path="C:\Users\dtama\Music\Vuejs Prueba\poke-api\src\components\shared-components\ListComponent.vue">
        <metrics statements="10" coveredstatements="10" conditionals="0" coveredconditionals="0" methods="1" coveredmethods="1"/>
        <line num="4" count="2" type="stmt"/>
        <line num="5" count="2" type="stmt"/>
        <line num="8" count="2" type="stmt"/>
        <line num="39" count="2" type="stmt"/>
        <line num="42" count="2" type="stmt"/>
        <line num="43" count="2" type="stmt"/>
        <line num="44" count="2" type="stmt"/>
        <line num="47" count="2" type="stmt"/>
        <line num="51" count="6" type="stmt"/>
        <line num="54" count="2" type="stmt"/>
      </file>
      <file name="LoadingScreen.vue" path="C:\Users\dtama\Music\Vuejs Prueba\poke-api\src\components\shared-components\LoadingScreen.vue">
        <metrics statements="7" coveredstatements="7" conditionals="4" coveredconditionals="4" methods="1" coveredmethods="1"/>
        <line num="4" count="2" type="stmt"/>
        <line num="7" count="2" type="stmt"/>
        <line num="59" count="2" type="stmt"/>
        <line num="62" count="2" type="stmt"/>
        <line num="63" count="2" type="stmt"/>
        <line num="65" count="3" type="stmt"/>
        <line num="111" count="2" type="stmt"/>
      </file>
      <file name="PokeCard.vue" path="C:\Users\dtama\Music\Vuejs Prueba\poke-api\src\components\shared-components\PokeCard.vue">
        <metrics statements="14" coveredstatements="14" conditionals="20" coveredconditionals="20" methods="2" coveredmethods="2"/>
        <line num="4" count="2" type="stmt"/>
        <line num="5" count="2" type="stmt"/>
        <line num="8" count="2" type="stmt"/>
        <line num="81" count="2" type="stmt"/>
        <line num="84" count="2" type="stmt"/>
        <line num="85" count="2" type="stmt"/>
        <line num="86" count="2" type="stmt"/>
        <line num="89" count="2" type="stmt"/>
        <line num="90" count="2" type="stmt"/>
        <line num="93" count="2" type="stmt"/>
        <line num="96" count="2" type="stmt"/>
        <line num="100" count="9" type="stmt"/>
        <line num="102" count="1" type="cond" truecount="2" falsecount="0"/>
        <line num="124" count="2" type="stmt"/>
      </file>
      <file name="SearchField.vue" path="C:\Users\dtama\Music\Vuejs Prueba\poke-api\src\components\shared-components\SearchField.vue">
        <metrics statements="9" coveredstatements="9" conditionals="4" coveredconditionals="4" methods="2" coveredmethods="2"/>
        <line num="4" count="2" type="stmt"/>
        <line num="7" count="2" type="stmt"/>
        <line num="42" count="2" type="stmt"/>
        <line num="45" count="2" type="stmt"/>
        <line num="46" count="2" type="stmt"/>
        <line num="47" count="2" type="stmt"/>
        <line num="51" count="4" type="cond" truecount="2" falsecount="0"/>
        <line num="65" count="1" type="cond" truecount="2" falsecount="0"/>
        <line num="68" count="2" type="stmt"/>
      </file>
    </package>
    <package name="composables">
      <metrics statements="30" coveredstatements="14" conditionals="6" coveredconditionals="0" methods="5" coveredmethods="2"/>
      <file name="usePokemon.js" path="C:\Users\dtama\Music\Vuejs Prueba\poke-api\src\composables\usePokemon.js">
        <metrics statements="30" coveredstatements="14" conditionals="6" coveredconditionals="0" methods="5" coveredmethods="2"/>
        <line num="4" count="4" type="stmt"/>
        <line num="5" count="4" type="stmt"/>
        <line num="6" count="4" type="stmt"/>
        <line num="7" count="4" type="stmt"/>
        <line num="9" count="4" type="stmt"/>
        <line num="10" count="0" type="stmt"/>
        <line num="11" count="0" type="stmt"/>
        <line num="12" count="0" type="stmt"/>
        <line num="13" count="0" type="stmt"/>
        <line num="14" count="0" type="cond" truecount="0" falsecount="2"/>
        <line num="15" count="0" type="stmt"/>
        <line num="17" count="0" type="stmt"/>
        <line num="19" count="0" type="stmt"/>
        <line num="23" count="4" type="stmt"/>
        <line num="24" count="5" type="stmt"/>
        <line num="25" count="5" type="stmt"/>
        <line num="26" count="5" type="stmt"/>
        <line num="27" count="0" type="cond" truecount="0" falsecount="2"/>
        <line num="28" count="0" type="stmt"/>
        <line num="29" count="0" type="stmt"/>
        <line num="31" count="5" type="stmt"/>
        <line num="33" count="5" type="stmt"/>
        <line num="37" count="4" type="stmt"/>
        <line num="38" count="0" type="cond" truecount="0" falsecount="2"/>
        <line num="39" count="0" type="stmt"/>
        <line num="40" count="0" type="stmt"/>
        <line num="42" count="0" type="stmt"/>
        <line num="43" count="0" type="stmt"/>
        <line num="47" count="4" type="stmt"/>
        <line num="49" count="4" type="stmt"/>
      </file>
    </package>
    <package name="stores">
      <metrics statements="10" coveredstatements="6" conditionals="2" coveredconditionals="0" methods="5" coveredmethods="2"/>
      <file name="useFavoritesStore.js" path="C:\Users\dtama\Music\Vuejs Prueba\poke-api\src\stores\useFavoritesStore.js">
        <metrics statements="10" coveredstatements="6" conditionals="2" coveredconditionals="0" methods="5" coveredmethods="2"/>
        <line num="4" count="5" type="stmt"/>
        <line num="5" count="14" type="stmt"/>
        <line num="7" count="14" type="stmt"/>
        <line num="8" count="12" type="stmt"/>
        <line num="10" count="14" type="stmt"/>
        <line num="11" count="0" type="stmt"/>
        <line num="12" count="0" type="cond" truecount="0" falsecount="2"/>
        <line num="13" count="0" type="stmt"/>
        <line num="15" count="0" type="stmt"/>
        <line num="19" count="14" type="stmt"/>
      </file>
    </package>
  </project>
</coverage>
