{"C:\\Users\\dtama\\Music\\Vuejs Prueba\\poke-api\\src\\components\\HomePage.vue": {"path":"C:\\Users\\dtama\\Music\\Vuejs Prueba\\poke-api\\src\\components\\HomePage.vue","statementMap":{"0":{"start":{"line":4,"column":29},"end":{"line":4,"column":151}},"1":{"start":{"line":5,"column":0},"end":{"line":7,"column":3}},"2":{"start":{"line":8,"column":0},"end":{"line":8,"column":25}},"3":{"start":{"line":9,"column":0},"end":{"line":9,"column":54}},"4":{"start":{"line":10,"column":0},"end":{"line":10,"column":49}},"5":{"start":{"line":181,"column":0},"end":{"line":183,"column":3}},"6":{"start":{"line":184,"column":0},"end":{"line":184,"column":24}},"7":{"start":{"line":185,"column":0},"end":{"line":185,"column":54}},"8":{"start":{"line":186,"column":0},"end":{"line":186,"column":46}},"9":{"start":{"line":187,"column":11},"end":{"line":187,"column":25}},"10":{"start":{"line":188,"column":19},"end":{"line":190,"column":1}},"11":{"start":{"line":191,"column":19},"end":{"line":194,"column":1}},"12":{"start":{"line":195,"column":19},"end":{"line":198,"column":1}},"13":{"start":{"line":200,"column":2},"end":{"line":236,"column":70}},"14":{"start":{"line":208,"column":63},"end":{"line":208,"column":90}},"15":{"start":{"line":212,"column":4},"end":{"line":217,"column":61}},"16":{"start":{"line":216,"column":25},"end":{"line":216,"column":58}},"17":{"start":{"line":226,"column":37},"end":{"line":234,"column":125}},"18":{"start":{"line":232,"column":48},"end":{"line":232,"column":59}},"19":{"start":{"line":237,"column":2},"end":{"line":237,"column":49}}},"fnMap":{"0":{"name":"render","decl":{"start":{"line":199,"column":9},"end":{"line":199,"column":15}},"loc":{"start":{"line":199,"column":63},"end":{"line":237,"column":1}},"line":199},"1":{"name":"(anonymous_1)","decl":{"start":{"line":208,"column":53},"end":{"line":208,"column":54}},"loc":{"start":{"line":208,"column":63},"end":{"line":208,"column":90}},"line":208},"2":{"name":"(anonymous_2)","decl":{"start":{"line":211,"column":47},"end":{"line":211,"column":48}},"loc":{"start":{"line":211,"column":67},"end":{"line":218,"column":3}},"line":211},"3":{"name":"(anonymous_3)","decl":{"start":{"line":216,"column":15},"end":{"line":216,"column":16}},"loc":{"start":{"line":216,"column":25},"end":{"line":216,"column":58}},"line":216},"4":{"name":"(anonymous_4)","decl":{"start":{"line":226,"column":31},"end":{"line":226,"column":32}},"loc":{"start":{"line":226,"column":37},"end":{"line":234,"column":125}},"line":226},"5":{"name":"(anonymous_5)","decl":{"start":{"line":232,"column":43},"end":{"line":232,"column":44}},"loc":{"start":{"line":232,"column":48},"end":{"line":232,"column":59}},"line":232}},"branchMap":{"0":{"loc":{"start":{"line":208,"column":27},"end":{"line":208,"column":91}},"type":"binary-expr","locations":[{"start":{"line":208,"column":27},"end":{"line":208,"column":36}},{"start":{"line":208,"column":41},"end":{"line":208,"column":90}}],"line":208},"1":{"loc":{"start":{"line":209,"column":123},"end":{"line":221,"column":7}},"type":"cond-expr","locations":[{"start":{"line":209,"column":157},"end":{"line":218,"column":31}},{"start":{"line":218,"column":36},"end":{"line":221,"column":6}}],"line":209},"2":{"loc":{"start":{"line":218,"column":108},"end":{"line":218,"column":203}},"type":"binary-expr","locations":[{"start":{"line":218,"column":108},"end":{"line":218,"column":117}},{"start":{"line":218,"column":122},"end":{"line":218,"column":202}}],"line":218},"3":{"loc":{"start":{"line":218,"column":205},"end":{"line":218,"column":323}},"type":"binary-expr","locations":[{"start":{"line":218,"column":205},"end":{"line":218,"column":214}},{"start":{"line":218,"column":219},"end":{"line":218,"column":322}}],"line":218},"4":{"loc":{"start":{"line":223,"column":6},"end":{"line":223,"column":144}},"type":"cond-expr","locations":[{"start":{"line":223,"column":28},"end":{"line":223,"column":98}},{"start":{"line":223,"column":102},"end":{"line":223,"column":144}}],"line":223},"5":{"loc":{"start":{"line":226,"column":38},"end":{"line":234,"column":124}},"type":"cond-expr","locations":[{"start":{"line":226,"column":60},"end":{"line":234,"column":78}},{"start":{"line":234,"column":82},"end":{"line":234,"column":124}}],"line":226}},"s":{"0":1,"1":1,"2":1,"3":1,"4":1,"5":1,"6":1,"7":1,"8":1,"9":1,"10":1,"11":1,"12":1,"13":5,"14":0,"15":0,"16":0,"17":5,"18":1,"19":1},"f":{"0":5,"1":0,"2":0,"3":0,"4":5,"5":1},"b":{"0":[5,4],"1":[0,5],"2":[5,4],"3":[5,4],"4":[1,4],"5":[1,4]},"inputSourceMap":{"0":"{","1":"\"","2":"v","3":"e","4":"r","5":"s","6":"i","7":"o","8":"n","9":"\"","10":":","11":"3","12":",","13":"\"","14":"s","15":"o","16":"u","17":"r","18":"c","19":"e","20":"s","21":"\"","22":":","23":"[","24":"\"","25":"C","26":":","27":"/","28":"U","29":"s","30":"e","31":"r","32":"s","33":"/","34":"d","35":"t","36":"a","37":"m","38":"a","39":"/","40":"M","41":"u","42":"s","43":"i","44":"c","45":"/","46":"V","47":"u","48":"e","49":"j","50":"s","51":" ","52":"P","53":"r","54":"u","55":"e","56":"b","57":"a","58":"/","59":"p","60":"o","61":"k","62":"e","63":"-","64":"a","65":"p","66":"i","67":"/","68":"s","69":"r","70":"c","71":"/","72":"c","73":"o","74":"m","75":"p","76":"o","77":"n","78":"e","79":"n","80":"t","81":"s","82":"/","83":"H","84":"o","85":"m","86":"e","87":"P","88":"a","89":"g","90":"e","91":".","92":"v","93":"u","94":"e","95":"\"","96":"]","97":",","98":"\"","99":"n","100":"a","101":"m","102":"e","103":"s","104":"\"","105":":","106":"[","107":"]","108":",","109":"\"","110":"m","111":"a","112":"p","113":"p","114":"i","115":"n","116":"g","117":"s","118":"\"","119":":","120":"\"","121":";","122":";","123":";","124":";","125":";","126":";","127":";","128":";","129":";","130":";","131":"A","132":"A","133":"g","134":"C","135":"A","136":";","137":"A","138":"A","139":"A","140":"A","141":";","142":"A","143":"A","144":"A","145":"A","146":";","147":"A","148":"A","149":"C","150":"A","151":";","152":"A","153":"A","154":"A","155":"A","156":";","157":"A","158":"A","159":"A","160":"A","161":";","162":"A","163":"A","164":"C","165":"A","166":";","167":"A","168":"A","169":"A","170":"A","171":";","172":"A","173":"A","174":"A","175":"A","176":";","177":"A","178":"A","179":"C","180":"A","181":";","182":"A","183":"A","184":"A","185":"A","186":";","187":"A","188":"A","189":"A","190":"A","191":";","192":"A","193":"A","194":"C","195":"A","196":";","197":"A","198":"A","199":"A","200":"A","201":";","202":"A","203":"A","204":"A","205":"A","206":";","207":"A","208":"A","209":"C","210":"A","211":";","212":"A","213":"A","214":"A","215":"A","216":";","217":"A","218":"A","219":"A","220":"A","221":";","222":"A","223":"A","224":"C","225":"A","226":";","227":"A","228":"A","229":"A","230":"A","231":";","232":"A","233":"A","234":"A","235":"A","236":";","237":"A","238":"A","239":"C","240":"A","241":";","242":"A","243":"A","244":"A","245":"A","246":";","247":"A","248":"A","249":"A","250":"A","251":";","252":"A","253":"A","254":"C","255":"A","256":";","257":"A","258":"A","259":"A","260":"A","261":";","262":"A","263":"A","264":"A","265":"A","266":";","267":"A","268":"A","269":"A","270":"s","271":"D","272":";","273":"A","274":"A","275":"A","276":"A","277":";","278":";","279":";","280":";","281":";","282":";","283":"I","284":"A","285":"E","286":"t","287":"D","288":",","289":"M","290":"A","291":"A","292":"M","293":",","294":"W","295":"A","296":"A","297":"W","298":";","299":"I","300":"A","301":"A","302":"G","303":";","304":"I","305":"A","306":"A","307":"A","308":";","309":"I","310":"A","311":"A","312":"A","313":";","314":"I","315":"A","316":"A","317":"A","318":";","319":"I","320":"A","321":"A","322":"A","323":";","324":"I","325":"A","326":"A","327":"A","328":",","329":"G","330":"A","331":"A","332":"G","333":",","334":"E","335":"A","336":"A","337":"C","338":",","339":"E","340":"A","341":"A","342":"E","343":",","344":"C","345":"A","346":"A","347":"C","348":";","349":"I","350":"A","351":"C","352":"3","353":"B","354":",","355":"M","356":"A","357":"A","358":"M","359":",","360":"a","361":"A","362":"A","363":"a","364":";","365":"I","366":"A","367":"A","368":"G","369":";","370":"I","371":"A","372":"A","373":"A","374":";","375":"I","376":"A","377":"A","378":"A","379":";","380":"I","381":"A","382":"A","383":"A","384":";","385":"I","386":"A","387":"A","388":"A","389":";","390":"I","391":"A","392":"A","393":"A","394":",","395":"G","396":"A","397":"A","398":"G","399":",","400":"E","401":"A","402":"A","403":"C","404":",","405":"K","406":"A","407":"A","408":"K","409":",","410":"C","411":"A","412":"A","413":"C","414":";","415":"I","416":"A","417":"C","418":"h","419":"C","420":",","421":"M","422":"A","423":"A","424":"M","425":",","426":"c","427":"A","428":"A","429":"c","430":";","431":"I","432":"A","433":"A","434":"G","435":";","436":"I","437":"A","438":"A","439":"A","440":";","441":"I","442":"A","443":"A","444":"A","445":";","446":"I","447":"A","448":"A","449":"A","450":";","451":"I","452":"A","453":"A","454":"A","455":";","456":"I","457":"A","458":"A","459":"A","460":",","461":"i","462":"B","463":"A","464":"A","465":"i","466":"B","467":",","468":"E","469":"A","470":"A","471":"C","472":",","473":"C","474":"A","475":"A","476":"C","477":";","478":"I","479":"A","480":"C","481":"1","482":"C","483":",","484":"M","485":"A","486":"A","487":"M","488":";","489":"M","490":"A","491":"A","492":"E","493":",","494":"W","495":"A","496":"A","497":"W","498":";","499":"M","500":"A","501":"A","502":"E","503":",","504":"Y","505":"A","506":"A","507":"Y","508":";","509":"M","510":"A","511":"A","512":"E","513":",","514":"W","515":"A","516":"A","517":"W","518":";","519":"M","520":"A","521":"A","522":"E","523":";","524":"I","525":"A","526":"A","527":"o","528":"B","529":",","530":"C","531":"A","532":"A","533":"C","534":";","535":"I","536":"A","537":"A","538":"G","539":";","540":"I","541":"A","542":"A","543":"A","544":";","545":"I","546":"A","547":"A","548":"A","549":";","550":"I","551":"A","552":"A","553":"A","554":";","555":"I","556":"A","557":"A","558":"A","559":";","560":"I","561":"A","562":"A","563":"A","564":",","565":"U","566":"A","567":"A","568":"U","569":",","570":"E","571":"A","572":"A","573":"C","574":",","575":"C","576":"A","577":"A","578":"C","579":";","580":"I","581":"A","582":"G","583":"p","584":"F","585":",","586":"M","587":"A","588":"A","589":"M","590":",","591":"Y","592":"A","593":"A","594":"Y","595":",","596":"G","597":"A","598":"A","599":"G","600":",","601":"M","602":"A","603":"A","604":"M","605":";","606":"M","607":"A","608":"C","609":"z","610":"B","611":",","612":"I","613":"A","614":"A","615":"I","616":",","617":"C","618":"A","619":"A","620":"C","621":",","622":"W","623":"A","624":"A","625":"W","626":",","627":"C","628":"A","629":"A","630":"C","631":",","632":"K","633":"A","634":"A","635":"K","636":",","637":"E","638":"A","639":"A","640":"E","641":";","642":"M","643":"A","644":"C","645":"x","646":"B","647":",","648":"Y","649":"A","650":"A","651":"Y","652":",","653":"C","654":"A","655":"A","656":"C","657":",","658":"W","659":"A","660":"A","661":"W","662":",","663":"C","664":"A","665":"A","666":"C","667":",","668":"K","669":"A","670":"A","671":"K","672":",","673":"C","674":"A","675":"A","676":"C","677":";","678":"I","679":"A","680":"C","681":"j","682":"C","683":",","684":"C","685":"A","686":"A","687":"C","688":";","689":"I","690":"A","691":"G","692":"D","693":",","694":"M","695":"A","696":"A","697":"M","698":",","699":"W","700":"A","701":"A","702":"W","703":",","704":"G","705":"A","706":"A","707":"G","708":",","709":"M","710":"A","711":"A","712":"M","713":";","714":"M","715":"A","716":"C","717":"x","718":"B","719":",","720":"W","721":"A","722":"A","723":"W","724":",","725":"C","726":"A","727":"A","728":"C","729":",","730":"K","731":"A","732":"A","733":"K","734":",","735":"G","736":"A","737":"A","738":"G","739":",","740":"I","741":"A","742":"A","743":"I","744":";","745":"I","746":"A","747":"C","748":"1","749":"B","750":",","751":"C","752":"A","753":"A","754":"C","755":";","756":"I","757":"A","758":"E","759":"D","760":",","761":"M","762":"A","763":"A","764":"M","765":",","766":"m","767":"B","768":"A","769":"A","770":"m","771":"B","772":",","773":"G","774":"A","775":"A","776":"I","777":",","778":"K","779":"A","780":"A","781":"K","782":",","783":"I","784":"A","785":"A","786":"K","787":";","788":"M","789":"A","790":"C","791":"r","792":"C","793":",","794":"a","795":"A","796":"A","797":"a","798":",","799":"C","800":"A","801":"A","802":"C","803":",","804":"K","805":"A","806":"A","807":"K","808":",","809":"G","810":"A","811":"A","812":"G","813":",","814":"K","815":"A","816":"A","817":"K","818":";","819":"M","820":"A","821":"C","822":"3","823":"B","824":",","825":"W","826":"A","827":"A","828":"W","829":",","830":"C","831":"A","832":"A","833":"C","834":",","835":"K","836":"A","837":"A","838":"K","839":",","840":"G","841":"A","842":"A","843":"G","844":",","845":"E","846":"A","847":"A","848":"E","849":";","850":"I","851":"A","852":"C","853":"x","854":"B","855":",","856":"C","857":"A","858":"A","859":"C","860":";","861":"I","862":"A","863":"E","864":"D","865":",","866":"M","867":"A","868":"A","869":"M","870":",","871":"W","872":"A","873":"A","874":"W","875":",","876":"G","877":"A","878":"A","879":"G","880":",","881":"M","882":"A","883":"A","884":"M","885":";","886":"M","887":"A","888":"C","889":"x","890":"B","891":",","892":"W","893":"A","894":"A","895":"W","896":",","897":"C","898":"A","899":"A","900":"C","901":",","902":"K","903":"A","904":"A","905":"K","906":",","907":"G","908":"A","909":"A","910":"G","911":",","912":"E","913":"A","914":"A","915":"E","916":";","917":"M","918":"A","919":"C","920":"t","921":"B","922":",","923":"a","924":"A","925":"A","926":"a","927":",","928":"C","929":"A","930":"A","931":"C","932":",","933":"K","934":"A","935":"A","936":"K","937":",","938":"G","939":"A","940":"A","941":"G","942":",","943":"K","944":"A","945":"A","946":"K","947":";","948":"M","949":"A","950":"C","951":"3","952":"B","953":",","954":"m","955":"B","956":"A","957":"A","958":"m","959":"B","960":",","961":"C","962":"A","963":"A","964":"C","965":",","966":"C","967":"A","968":"A","969":"C","970":";","971":"I","972":"A","973":"C","974":"v","975":"B","976":",","977":"C","978":"A","979":"A","980":"C","981":";","982":"I","983":"A","984":"G","985":"D","986":",","987":"M","988":"A","989":"A","990":"M","991":",","992":"Y","993":"A","994":"A","995":"Y","996":";","997":"I","998":"A","999":"A","1000":"G","1001":";","1002":"I","1003":"A","1004":"A","1005":"A","1006":";","1007":"I","1008":"A","1009":"A","1010":"A","1011":";","1012":"I","1013":"A","1014":"A","1015":"A","1016":";","1017":"I","1018":"A","1019":"A","1020":"A","1021":";","1022":"I","1023":"A","1024":"A","1025":"A","1026":",","1027":"Q","1028":"A","1029":"A","1030":"Q","1031":",","1032":"E","1033":"A","1034":"A","1035":"C","1036":",","1037":"M","1038":"A","1039":"A","1040":"M","1041":";","1042":"M","1043":"A","1044":"C","1045":"l","1046":"C","1047":",","1048":"M","1049":"A","1050":"A","1051":"M","1052":",","1053":"K","1054":"A","1055":"A","1056":"K","1057":",","1058":"G","1059":"A","1060":"A","1061":"G","1062":",","1063":"W","1064":"A","1065":"A","1066":"W","1067":",","1068":"C","1069":"A","1070":"A","1071":"C","1072":",","1073":"K","1074":"A","1075":"A","1076":"K","1077":",","1078":"C","1079":"A","1080":"A","1081":"C","1082":",","1083":"W","1084":"A","1085":"A","1086":"W","1087":",","1088":"C","1089":"A","1090":"A","1091":"C","1092":",","1093":"C","1094":"A","1095":"A","1096":"C","1097":";","1098":"M","1099":"A","1100":"E","1101":"7","1102":"C","1103":",","1104":"I","1105":"A","1106":"A","1107":"I","1108":",","1109":"a","1110":"A","1111":"A","1112":"a","1113":",","1114":"C","1115":"A","1116":"A","1117":"C","1118":",","1119":"K","1120":"A","1121":"A","1122":"K","1123":",","1124":"E","1125":"A","1126":"A","1127":"E","1128":";","1129":"Q","1130":"A","1131":"C","1132":"v","1133":"B","1134":",","1135":"O","1136":"A","1137":"A","1138":"O","1139":",","1140":"c","1141":"A","1142":"A","1143":"c","1144":",","1145":"C","1146":"A","1147":"A","1148":"C","1149":",","1150":"S","1151":"A","1152":"A","1153":"S","1154":",","1155":"C","1156":"A","1157":"A","1158":"C","1159":",","1160":"M","1161":"A","1162":"A","1163":"M","1164":",","1165":"C","1166":"A","1167":"A","1168":"C","1169":",","1170":"O","1171":"A","1172":"A","1173":"O","1174":",","1175":"I","1176":"A","1177":"C","1178":"5","1179":"C","1180":",","1181":"O","1182":"A","1183":"A","1184":"O","1185":",","1186":"C","1187":"A","1188":"A","1189":"C","1190":",","1191":"I","1192":"A","1193":"A","1194":"I","1195":",","1196":"C","1197":"A","1198":"A","1199":"C","1200":",","1201":"W","1202":"A","1203":"A","1204":"W","1205":",","1206":"C","1207":"A","1208":"A","1209":"C","1210":",","1211":"C","1212":"A","1213":"A","1214":"C","1215":",","1216":"C","1217":"A","1218":"A","1219":"C","1220":",","1221":"Q","1222":"A","1223":"A","1224":"Q","1225":",","1226":"C","1227":"A","1228":"A","1229":"C","1230":",","1231":"K","1232":"A","1233":"A","1234":"K","1235":",","1236":"C","1237":"A","1238":"C","1239":"3","1240":"C","1241":",","1242":"C","1243":"A","1244":"A","1245":"C","1246":";","1247":"M","1248":"A","1249":"C","1250":"H","1251":",","1252":"C","1253":"A","1254":"A","1255":"C","1256":",","1257":"M","1258":"A","1259":"A","1260":"M","1261":";","1262":"Q","1263":"A","1264":"C","1265":"L","1266":",","1267":"O","1268":"A","1269":"A","1270":"O","1271":",","1272":"W","1273":"A","1274":"A","1275":"W","1276":",","1277":"C","1278":"A","1279":"A","1280":"C","1281":",","1282":"K","1283":"A","1284":"A","1285":"K","1286":",","1287":"C","1288":"A","1289":"A","1290":"C","1291":",","1292":"M","1293":"A","1294":"A","1295":"M","1296":",","1297":"C","1298":"A","1299":"A","1300":"C","1301":",","1302":"O","1303":"A","1304":"A","1305":"O","1306":",","1307":"I","1308":"A","1309":"C","1310":"r","1311":"C","1312":",","1313":"O","1314":"A","1315":"A","1316":"O","1317":",","1318":"C","1319":"A","1320":"A","1321":"C","1322":",","1323":"I","1324":"A","1325":"A","1326":"I","1327":",","1328":"C","1329":"A","1330":"A","1331":"C","1332":",","1333":"W","1334":"A","1335":"A","1336":"W","1337":",","1338":"C","1339":"A","1340":"A","1341":"C","1342":",","1343":"C","1344":"A","1345":"A","1346":"C","1347":",","1348":"C","1349":"A","1350":"A","1351":"C","1352":",","1353":"Q","1354":"A","1355":"A","1356":"Q","1357":",","1358":"C","1359":"A","1360":"A","1361":"C","1362":",","1363":"K","1364":"A","1365":"A","1366":"K","1367":",","1368":"C","1369":"A","1370":"C","1371":"3","1372":"C","1373":",","1374":"C","1375":"A","1376":"A","1377":"C","1378":";","1379":"M","1380":"A","1381":"C","1382":"H","1383":";","1384":"I","1385":"A","1386":"C","1387":"F","1388":",","1389":"C","1390":"A","1391":"A","1392":"C","1393":",","1394":"C","1395":"A","1396":"A","1397":"C","1398":"\"","1399":",","1400":"\"","1401":"f","1402":"i","1403":"l","1404":"e","1405":"\"","1406":":","1407":"\"","1408":"C","1409":":","1410":"\\","1411":"\\","1412":"U","1413":"s","1414":"e","1415":"r","1416":"s","1417":"\\","1418":"\\","1419":"d","1420":"t","1421":"a","1422":"m","1423":"a","1424":"\\","1425":"\\","1426":"M","1427":"u","1428":"s","1429":"i","1430":"c","1431":"\\","1432":"\\","1433":"V","1434":"u","1435":"e","1436":"j","1437":"s","1438":" ","1439":"P","1440":"r","1441":"u","1442":"e","1443":"b","1444":"a","1445":"\\","1446":"\\","1447":"p","1448":"o","1449":"k","1450":"e","1451":"-","1452":"a","1453":"p","1454":"i","1455":"\\","1456":"\\","1457":"s","1458":"r","1459":"c","1460":"\\","1461":"\\","1462":"c","1463":"o","1464":"m","1465":"p","1466":"o","1467":"n","1468":"e","1469":"n","1470":"t","1471":"s","1472":"\\","1473":"\\","1474":"H","1475":"o","1476":"m","1477":"e","1478":"P","1479":"a","1480":"g","1481":"e","1482":".","1483":"v","1484":"u","1485":"e","1486":"\"","1487":",","1488":"\"","1489":"s","1490":"o","1491":"u","1492":"r","1493":"c","1494":"e","1495":"s","1496":"C","1497":"o","1498":"n","1499":"t","1500":"e","1501":"n","1502":"t","1503":"\"","1504":":","1505":"[","1506":"\"","1507":"<","1508":"t","1509":"e","1510":"m","1511":"p","1512":"l","1513":"a","1514":"t","1515":"e","1516":">","1517":"\\","1518":"r","1519":"\\","1520":"n","1521":" ","1522":" ","1523":"<","1524":"d","1525":"i","1526":"v","1527":" ","1528":":","1529":"c","1530":"l","1531":"a","1532":"s","1533":"s","1534":"=","1535":"\\","1536":"\"","1537":"[","1538":"'","1539":"m","1540":"a","1541":"i","1542":"n","1543":"'","1544":",","1545":" ","1546":"{","1547":" ","1548":"'","1549":"o","1550":"p","1551":"e","1552":"n","1553":"-","1554":"m","1555":"o","1556":"d","1557":"a","1558":"l","1559":"'","1560":":","1561":" ","1562":"p","1563":"o","1564":"k","1565":"e","1566":"m","1567":"o","1568":"n","1569":"D","1570":"a","1571":"t","1572":"a","1573":" ","1574":"}","1575":"]","1576":"\\","1577":"\"","1578":">","1579":"\\","1580":"r","1581":"\\","1582":"n","1583":" ","1584":" ","1585":" ","1586":" ","1587":"<","1588":"f","1589":"o","1590":"r","1591":"m","1592":" ","1593":"@","1594":"s","1595":"u","1596":"b","1597":"m","1598":"i","1599":"t","1600":".","1601":"p","1602":"r","1603":"e","1604":"v","1605":"e","1606":"n","1607":"t","1608":"=","1609":"\\","1610":"\"","1611":"h","1612":"a","1613":"n","1614":"d","1615":"l","1616":"e","1617":"S","1618":"u","1619":"b","1620":"m","1621":"i","1622":"t","1623":"\\","1624":"\"","1625":">","1626":"\\","1627":"r","1628":"\\","1629":"n","1630":" ","1631":" ","1632":" ","1633":" ","1634":" ","1635":" ","1636":"<","1637":"S","1638":"e","1639":"a","1640":"r","1641":"c","1642":"h","1643":"F","1644":"i","1645":"e","1646":"l","1647":"d","1648":" ","1649":"v","1650":"-","1651":"m","1652":"o","1653":"d","1654":"e","1655":"l","1656":"=","1657":"\\","1658":"\"","1659":"s","1660":"e","1661":"a","1662":"r","1663":"c","1664":"h","1665":"Q","1666":"u","1667":"e","1668":"r","1669":"y","1670":"\\","1671":"\"","1672":" ","1673":"/","1674":">","1675":"\\","1676":"r","1677":"\\","1678":"n","1679":" ","1680":" ","1681":" ","1682":" ","1683":"<","1684":"/","1685":"f","1686":"o","1687":"r","1688":"m","1689":">","1690":"\\","1691":"r","1692":"\\","1693":"n","1694":"\\","1695":"r","1696":"\\","1697":"n","1698":" ","1699":" ","1700":" ","1701":" ","1702":"<","1703":"s","1704":"e","1705":"c","1706":"t","1707":"i","1708":"o","1709":"n","1710":" ","1711":"c","1712":"l","1713":"a","1714":"s","1715":"s","1716":"=","1717":"\\","1718":"\"","1719":"f","1720":"o","1721":"u","1722":"n","1723":"d","1724":"-","1725":"l","1726":"i","1727":"s","1728":"t","1729":"s","1730":"\\","1731":"\"","1732":">","1733":"\\","1734":"r","1735":"\\","1736":"n","1737":" ","1738":" ","1739":" ","1740":" ","1741":" ","1742":" ","1743":"<","1744":"t","1745":"e","1746":"m","1747":"p","1748":"l","1749":"a","1750":"t","1751":"e","1752":" ","1753":"v","1754":"-","1755":"i","1756":"f","1757":"=","1758":"\\","1759":"\"","1760":"f","1761":"i","1762":"l","1763":"t","1764":"e","1765":"r","1766":"e","1767":"d","1768":"L","1769":"i","1770":"s","1771":"t","1772":".","1773":"l","1774":"e","1775":"n","1776":"g","1777":"t","1778":"h","1779":" ","1780":">","1781":" ","1782":"0","1783":"\\","1784":"\"","1785":">","1786":"\\","1787":"r","1788":"\\","1789":"n","1790":" ","1791":" ","1792":" ","1793":" ","1794":" ","1795":" ","1796":" ","1797":" ","1798":"<","1799":"L","1800":"i","1801":"s","1802":"t","1803":"C","1804":"o","1805":"m","1806":"p","1807":"o","1808":"n","1809":"e","1810":"n","1811":"t","1812":" ","1813":"v","1814":"-","1815":"f","1816":"o","1817":"r","1818":"=","1819":"\\","1820":"\"","1821":"(","1822":"p","1823":"o","1824":"k","1825":"e","1826":"m","1827":"o","1828":"n","1829":",","1830":" ","1831":"i","1832":"n","1833":"d","1834":"e","1835":"x","1836":")","1837":" ","1838":"i","1839":"n","1840":" ","1841":"f","1842":"i","1843":"l","1844":"t","1845":"e","1846":"r","1847":"e","1848":"d","1849":"L","1850":"i","1851":"s","1852":"t","1853":"\\","1854":"\"","1855":" ","1856":":","1857":"k","1858":"e","1859":"y","1860":"=","1861":"\\","1862":"\"","1863":"i","1864":"n","1865":"d","1866":"e","1867":"x","1868":"\\","1869":"\"","1870":" ","1871":":","1872":"l","1873":"a","1874":"b","1875":"e","1876":"l","1877":"=","1878":"\\","1879":"\"","1880":"p","1881":"o","1882":"k","1883":"e","1884":"m","1885":"o","1886":"n","1887":".","1888":"n","1889":"a","1890":"m","1891":"e","1892":"\\","1893":"\"","1894":" ","1895":":","1896":"p","1897":"o","1898":"k","1899":"e","1900":"m","1901":"o","1902":"n","1903":"=","1904":"\\","1905":"\"","1906":"p","1907":"o","1908":"k","1909":"e","1910":"m","1911":"o","1912":"n","1913":"\\","1914":"\"","1915":"\\","1916":"r","1917":"\\","1918":"n","1919":" ","1920":" ","1921":" ","1922":" ","1923":" ","1924":" ","1925":" ","1926":" ","1927":" ","1928":" ","1929":"@","1930":"c","1931":"l","1932":"i","1933":"c","1934":"k","1935":"=","1936":"\\","1937":"\"","1938":"f","1939":"e","1940":"t","1941":"c","1942":"h","1943":"P","1944":"o","1945":"k","1946":"e","1947":"m","1948":"o","1949":"n","1950":"(","1951":"p","1952":"o","1953":"k","1954":"e","1955":"m","1956":"o","1957":"n","1958":".","1959":"n","1960":"a","1961":"m","1962":"e","1963":")","1964":"\\","1965":"\"","1966":" ","1967":"/","1968":">","1969":"\\","1970":"r","1971":"\\","1972":"n","1973":" ","1974":" ","1975":" ","1976":" ","1977":" ","1978":" ","1979":"<","1980":"/","1981":"t","1982":"e","1983":"m","1984":"p","1985":"l","1986":"a","1987":"t","1988":"e","1989":">","1990":"\\","1991":"r","1992":"\\","1993":"n","1994":" ","1995":" ","1996":" ","1997":" ","1998":" ","1999":" ","2000":"<","2001":"t","2002":"e","2003":"m","2004":"p","2005":"l","2006":"a","2007":"t","2008":"e","2009":" ","2010":"v","2011":"-","2012":"e","2013":"l","2014":"s","2015":"e","2016":">","2017":"\\","2018":"r","2019":"\\","2020":"n","2021":" ","2022":" ","2023":" ","2024":" ","2025":" ","2026":" ","2027":" ","2028":" ","2029":"<","2030":"d","2031":"i","2032":"v","2033":" ","2034":"c","2035":"l","2036":"a","2037":"s","2038":"s","2039":"=","2040":"\\","2041":"\"","2042":"n","2043":"o","2044":"-","2045":"r","2046":"e","2047":"s","2048":"u","2049":"l","2050":"t","2051":"s","2052":"\\","2053":"\"","2054":">","2055":"\\","2056":"r","2057":"\\","2058":"n","2059":" ","2060":" ","2061":" ","2062":" ","2063":" ","2064":" ","2065":" ","2066":" ","2067":" ","2068":" ","2069":"<","2070":"h","2071":"2","2072":">","2073":"U","2074":"h","2075":"-","2076":"o","2077":"h","2078":"!","2079":"<","2080":"/","2081":"h","2082":"2","2083":">","2084":"\\","2085":"r","2086":"\\","2087":"n","2088":" ","2089":" ","2090":" ","2091":" ","2092":" ","2093":" ","2094":" ","2095":" ","2096":" ","2097":" ","2098":"<","2099":"p","2100":">","2101":"Y","2102":"o","2103":"u","2104":" ","2105":"l","2106":"o","2107":"o","2108":"k","2109":" ","2110":"l","2111":"o","2112":"s","2113":"t","2114":" ","2115":"o","2116":"n","2117":" ","2118":"y","2119":"o","2120":"u","2121":"r","2122":" ","2123":"j","2124":"o","2125":"u","2126":"r","2127":"n","2128":"e","2129":"y","2130":"!","2131":"<","2132":"/","2133":"p","2134":">","2135":"\\","2136":"r","2137":"\\","2138":"n","2139":" ","2140":" ","2141":" ","2142":" ","2143":" ","2144":" ","2145":" ","2146":" ","2147":" ","2148":" ","2149":"<","2150":"B","2151":"u","2152":"t","2153":"t","2154":"o","2155":"n","2156":"C","2157":"o","2158":"m","2159":"p","2160":"o","2161":"n","2162":"e","2163":"n","2164":"t","2165":" ","2166":"@","2167":"c","2168":"l","2169":"i","2170":"c","2171":"k","2172":"=","2173":"\\","2174":"\"","2175":"r","2176":"e","2177":"s","2178":"e","2179":"t","2180":"S","2181":"e","2182":"a","2183":"r","2184":"c","2185":"h","2186":"\\","2187":"\"","2188":" ","2189":"l","2190":"a","2191":"b","2192":"e","2193":"l","2194":"=","2195":"\\","2196":"\"","2197":"G","2198":"o","2199":" ","2200":"b","2201":"a","2202":"c","2203":"k","2204":" ","2205":"h","2206":"o","2207":"m","2208":"e","2209":"\\","2210":"\"","2211":" ","2212":"/","2213":">","2214":"\\","2215":"r","2216":"\\","2217":"n","2218":" ","2219":" ","2220":" ","2221":" ","2222":" ","2223":" ","2224":" ","2225":" ","2226":"<","2227":"/","2228":"d","2229":"i","2230":"v","2231":">","2232":"\\","2233":"r","2234":"\\","2235":"n","2236":" ","2237":" ","2238":" ","2239":" ","2240":" ","2241":" ","2242":"<","2243":"/","2244":"t","2245":"e","2246":"m","2247":"p","2248":"l","2249":"a","2250":"t","2251":"e","2252":">","2253":"\\","2254":"r","2255":"\\","2256":"n","2257":" ","2258":" ","2259":" ","2260":" ","2261":"<","2262":"/","2263":"s","2264":"e","2265":"c","2266":"t","2267":"i","2268":"o","2269":"n","2270":">","2271":"\\","2272":"r","2273":"\\","2274":"n","2275":"\\","2276":"r","2277":"\\","2278":"n","2279":" ","2280":" ","2281":" ","2282":" ","2283":"<","2284":"B","2285":"o","2286":"t","2287":"t","2288":"o","2289":"m","2290":"B","2291":"a","2292":"r","2293":" ","2294":"@","2295":"t","2296":"o","2297":"g","2298":"g","2299":"l","2300":"e","2301":"-","2302":"f","2303":"a","2304":"v","2305":"o","2306":"r","2307":"i","2308":"t","2309":"e","2310":"s","2311":"=","2312":"\\","2313":"\"","2314":"t","2315":"o","2316":"g","2317":"g","2318":"l","2319":"e","2320":"F","2321":"a","2322":"v","2323":"o","2324":"r","2325":"i","2326":"t","2327":"e","2328":"s","2329":"V","2330":"i","2331":"e","2332":"w","2333":"\\","2334":"\"","2335":" ","2336":"/","2337":">","2338":"\\","2339":"r","2340":"\\","2341":"n","2342":" ","2343":" ","2344":" ","2345":" ","2346":"<","2347":"d","2348":"i","2349":"v","2350":" ","2351":"v","2352":"-","2353":"i","2354":"f","2355":"=","2356":"\\","2357":"\"","2358":"p","2359":"o","2360":"k","2361":"e","2362":"m","2363":"o","2364":"n","2365":"D","2366":"a","2367":"t","2368":"a","2369":"\\","2370":"\"","2371":" ","2372":"c","2373":"l","2374":"a","2375":"s","2376":"s","2377":"=","2378":"\\","2379":"\"","2380":"o","2381":"v","2382":"e","2383":"r","2384":"l","2385":"a","2386":"y","2387":"\\","2388":"\"","2389":">","2390":"<","2391":"/","2392":"d","2393":"i","2394":"v","2395":">","2396":"\\","2397":"r","2398":"\\","2399":"n","2400":" ","2401":" ","2402":" ","2403":" ","2404":"<","2405":"t","2406":"r","2407":"a","2408":"n","2409":"s","2410":"i","2411":"t","2412":"i","2413":"o","2414":"n","2415":" ","2416":"n","2417":"a","2418":"m","2419":"e","2420":"=","2421":"\\","2422":"\"","2423":"f","2424":"a","2425":"d","2426":"e","2427":"\\","2428":"\"","2429":">","2430":"\\","2431":"r","2432":"\\","2433":"n","2434":" ","2435":" ","2436":" ","2437":" ","2438":" ","2439":" ","2440":"<","2441":"P","2442":"o","2443":"k","2444":"e","2445":"C","2446":"a","2447":"r","2448":"d","2449":" ","2450":"v","2451":"-","2452":"i","2453":"f","2454":"=","2455":"\\","2456":"\"","2457":"p","2458":"o","2459":"k","2460":"e","2461":"m","2462":"o","2463":"n","2464":"D","2465":"a","2466":"t","2467":"a","2468":"\\","2469":"\"","2470":" ","2471":":","2472":"i","2473":"m","2474":"a","2475":"g","2476":"e","2477":"S","2478":"r","2479":"c","2480":"=","2481":"\\","2482":"\"","2483":"p","2484":"o","2485":"k","2486":"e","2487":"m","2488":"o","2489":"n","2490":"D","2491":"a","2492":"t","2493":"a","2494":".","2495":"s","2496":"p","2497":"r","2498":"i","2499":"t","2500":"e","2501":"s","2502":"?","2503":".","2504":"f","2505":"r","2506":"o","2507":"n","2508":"t","2509":"_","2510":"d","2511":"e","2512":"f","2513":"a","2514":"u","2515":"l","2516":"t","2517":"\\","2518":"\"","2519":" ","2520":":","2521":"n","2522":"a","2523":"m","2524":"e","2525":"=","2526":"\\","2527":"\"","2528":"p","2529":"o","2530":"k","2531":"e","2532":"m","2533":"o","2534":"n","2535":"D","2536":"a","2537":"t","2538":"a","2539":".","2540":"n","2541":"a","2542":"m","2543":"e","2544":"\\","2545":"\"","2546":"\\","2547":"r","2548":"\\","2549":"n","2550":" ","2551":" ","2552":" ","2553":" ","2554":" ","2555":" ","2556":" ","2557":" ","2558":":","2559":"w","2560":"e","2561":"i","2562":"g","2563":"h","2564":"t","2565":"=","2566":"\\","2567":"\"","2568":"p","2569":"o","2570":"k","2571":"e","2572":"m","2573":"o","2574":"n","2575":"D","2576":"a","2577":"t","2578":"a","2579":".","2580":"w","2581":"e","2582":"i","2583":"g","2584":"h","2585":"t","2586":"\\","2587":"\"","2588":" ","2589":":","2590":"h","2591":"e","2592":"i","2593":"g","2594":"h","2595":"t","2596":"=","2597":"\\","2598":"\"","2599":"p","2600":"o","2601":"k","2602":"e","2603":"m","2604":"o","2605":"n","2606":"D","2607":"a","2608":"t","2609":"a","2610":".","2611":"h","2612":"e","2613":"i","2614":"g","2615":"h","2616":"t","2617":"\\","2618":"\"","2619":" ","2620":":","2621":"t","2622":"y","2623":"p","2624":"e","2625":"s","2626":"=","2627":"\\","2628":"\"","2629":"p","2630":"o","2631":"k","2632":"e","2633":"m","2634":"o","2635":"n","2636":"D","2637":"a","2638":"t","2639":"a","2640":".","2641":"t","2642":"y","2643":"p","2644":"e","2645":"s","2646":"?","2647":".","2648":"m","2649":"a","2650":"p","2651":"(","2652":"t","2653":" ","2654":"=","2655":">","2656":" ","2657":"t","2658":".","2659":"t","2660":"y","2661":"p","2662":"e","2663":".","2664":"n","2665":"a","2666":"m","2667":"e","2668":")","2669":"\\","2670":"\"","2671":"\\","2672":"r","2673":"\\","2674":"n","2675":" ","2676":" ","2677":" ","2678":" ","2679":" ","2680":" ","2681":" ","2682":" ","2683":"@","2684":"c","2685":"l","2686":"o","2687":"s","2688":"e","2689":"=","2690":"\\","2691":"\"","2692":"h","2693":"a","2694":"n","2695":"d","2696":"l","2697":"e","2698":"C","2699":"l","2700":"o","2701":"s","2702":"e","2703":"\\","2704":"\"","2705":" ","2706":"/","2707":">","2708":"\\","2709":"r","2710":"\\","2711":"n","2712":" ","2713":" ","2714":" ","2715":" ","2716":"<","2717":"/","2718":"t","2719":"r","2720":"a","2721":"n","2722":"s","2723":"i","2724":"t","2725":"i","2726":"o","2727":"n","2728":">","2729":"\\","2730":"r","2731":"\\","2732":"n","2733":" ","2734":" ","2735":" ","2736":" ","2737":"<","2738":"L","2739":"o","2740":"a","2741":"d","2742":"i","2743":"n","2744":"g","2745":"S","2746":"c","2747":"r","2748":"e","2749":"e","2750":"n","2751":" ","2752":"/","2753":">","2754":"\\","2755":"r","2756":"\\","2757":"n","2758":" ","2759":" ","2760":"<","2761":"/","2762":"d","2763":"i","2764":"v","2765":">","2766":"\\","2767":"r","2768":"\\","2769":"n","2770":"<","2771":"/","2772":"t","2773":"e","2774":"m","2775":"p","2776":"l","2777":"a","2778":"t","2779":"e","2780":">","2781":"\\","2782":"r","2783":"\\","2784":"n","2785":"\\","2786":"r","2787":"\\","2788":"n","2789":"<","2790":"s","2791":"c","2792":"r","2793":"i","2794":"p","2795":"t","2796":" ","2797":"s","2798":"e","2799":"t","2800":"u","2801":"p","2802":">","2803":"\\","2804":"r","2805":"\\","2806":"n","2807":"i","2808":"m","2809":"p","2810":"o","2811":"r","2812":"t","2813":" ","2814":"{","2815":" ","2816":"r","2817":"e","2818":"f","2819":",","2820":" ","2821":"c","2822":"o","2823":"m","2824":"p","2825":"u","2826":"t","2827":"e","2828":"d","2829":" ","2830":"}","2831":" ","2832":"f","2833":"r","2834":"o","2835":"m","2836":" ","2837":"\\","2838":"\"","2839":"v","2840":"u","2841":"e","2842":"\\","2843":"\"","2844":";","2845":"\\","2846":"r","2847":"\\","2848":"n","2849":"i","2850":"m","2851":"p","2852":"o","2853":"r","2854":"t","2855":" ","2856":"{","2857":" ","2858":"u","2859":"s","2860":"e","2861":"F","2862":"a","2863":"v","2864":"o","2865":"r","2866":"i","2867":"t","2868":"e","2869":"s","2870":"S","2871":"t","2872":"o","2873":"r","2874":"e","2875":" ","2876":"}","2877":" ","2878":"f","2879":"r","2880":"o","2881":"m","2882":" ","2883":"\\","2884":"\"","2885":"@","2886":"/","2887":"s","2888":"t","2889":"o","2890":"r","2891":"e","2892":"s","2893":"/","2894":"u","2895":"s","2896":"e","2897":"F","2898":"a","2899":"v","2900":"o","2901":"r","2902":"i","2903":"t","2904":"e","2905":"s","2906":"S","2907":"t","2908":"o","2909":"r","2910":"e","2911":"\\","2912":"\"","2913":";","2914":"\\","2915":"r","2916":"\\","2917":"n","2918":"i","2919":"m","2920":"p","2921":"o","2922":"r","2923":"t","2924":" ","2925":"S","2926":"e","2927":"a","2928":"r","2929":"c","2930":"h","2931":"F","2932":"i","2933":"e","2934":"l","2935":"d","2936":" ","2937":"f","2938":"r","2939":"o","2940":"m","2941":" ","2942":"'","2943":"@","2944":"/","2945":"c","2946":"o","2947":"m","2948":"p","2949":"o","2950":"n","2951":"e","2952":"n","2953":"t","2954":"s","2955":"/","2956":"s","2957":"h","2958":"a","2959":"r","2960":"e","2961":"d","2962":"-","2963":"c","2964":"o","2965":"m","2966":"p","2967":"o","2968":"n","2969":"e","2970":"n","2971":"t","2972":"s","2973":"/","2974":"S","2975":"e","2976":"a","2977":"r","2978":"c","2979":"h","2980":"F","2981":"i","2982":"e","2983":"l","2984":"d","2985":".","2986":"v","2987":"u","2988":"e","2989":"'","2990":";","2991":"\\","2992":"r","2993":"\\","2994":"n","2995":"i","2996":"m","2997":"p","2998":"o","2999":"r","3000":"t","3001":" ","3002":"B","3003":"o","3004":"t","3005":"t","3006":"o","3007":"m","3008":"B","3009":"a","3010":"r","3011":" ","3012":"f","3013":"r","3014":"o","3015":"m","3016":" ","3017":"'","3018":"@","3019":"/","3020":"c","3021":"o","3022":"m","3023":"p","3024":"o","3025":"n","3026":"e","3027":"n","3028":"t","3029":"s","3030":"/","3031":"s","3032":"h","3033":"a","3034":"r","3035":"e","3036":"d","3037":"-","3038":"c","3039":"o","3040":"m","3041":"p","3042":"o","3043":"n","3044":"e","3045":"n","3046":"t","3047":"s","3048":"/","3049":"B","3050":"o","3051":"t","3052":"t","3053":"o","3054":"m","3055":"B","3056":"a","3057":"r","3058":".","3059":"v","3060":"u","3061":"e","3062":"'","3063":";","3064":"\\","3065":"r","3066":"\\","3067":"n","3068":"i","3069":"m","3070":"p","3071":"o","3072":"r","3073":"t","3074":" ","3075":"L","3076":"i","3077":"s","3078":"t","3079":"C","3080":"o","3081":"m","3082":"p","3083":"o","3084":"n","3085":"e","3086":"n","3087":"t","3088":" ","3089":"f","3090":"r","3091":"o","3092":"m","3093":" ","3094":"'","3095":"@","3096":"/","3097":"c","3098":"o","3099":"m","3100":"p","3101":"o","3102":"n","3103":"e","3104":"n","3105":"t","3106":"s","3107":"/","3108":"s","3109":"h","3110":"a","3111":"r","3112":"e","3113":"d","3114":"-","3115":"c","3116":"o","3117":"m","3118":"p","3119":"o","3120":"n","3121":"e","3122":"n","3123":"t","3124":"s","3125":"/","3126":"L","3127":"i","3128":"s","3129":"t","3130":"C","3131":"o","3132":"m","3133":"p","3134":"o","3135":"n","3136":"e","3137":"n","3138":"t","3139":".","3140":"v","3141":"u","3142":"e","3143":"'","3144":";","3145":"\\","3146":"r","3147":"\\","3148":"n","3149":"i","3150":"m","3151":"p","3152":"o","3153":"r","3154":"t","3155":" ","3156":"B","3157":"u","3158":"t","3159":"t","3160":"o","3161":"n","3162":"C","3163":"o","3164":"m","3165":"p","3166":"o","3167":"n","3168":"e","3169":"n","3170":"t","3171":" ","3172":"f","3173":"r","3174":"o","3175":"m","3176":" ","3177":"'","3178":"@","3179":"/","3180":"c","3181":"o","3182":"m","3183":"p","3184":"o","3185":"n","3186":"e","3187":"n","3188":"t","3189":"s","3190":"/","3191":"s","3192":"h","3193":"a","3194":"r","3195":"e","3196":"d","3197":"-","3198":"c","3199":"o","3200":"m","3201":"p","3202":"o","3203":"n","3204":"e","3205":"n","3206":"t","3207":"s","3208":"/","3209":"B","3210":"u","3211":"t","3212":"t","3213":"o","3214":"n","3215":"C","3216":"o","3217":"m","3218":"p","3219":"o","3220":"n","3221":"e","3222":"n","3223":"t","3224":".","3225":"v","3226":"u","3227":"e","3228":"'","3229":";","3230":"\\","3231":"r","3232":"\\","3233":"n","3234":"i","3235":"m","3236":"p","3237":"o","3238":"r","3239":"t","3240":" ","3241":"P","3242":"o","3243":"k","3244":"e","3245":"C","3246":"a","3247":"r","3248":"d","3249":" ","3250":"f","3251":"r","3252":"o","3253":"m","3254":" ","3255":"'","3256":"@","3257":"/","3258":"c","3259":"o","3260":"m","3261":"p","3262":"o","3263":"n","3264":"e","3265":"n","3266":"t","3267":"s","3268":"/","3269":"s","3270":"h","3271":"a","3272":"r","3273":"e","3274":"d","3275":"-","3276":"c","3277":"o","3278":"m","3279":"p","3280":"o","3281":"n","3282":"e","3283":"n","3284":"t","3285":"s","3286":"/","3287":"P","3288":"o","3289":"k","3290":"e","3291":"C","3292":"a","3293":"r","3294":"d","3295":".","3296":"v","3297":"u","3298":"e","3299":"'","3300":";","3301":"\\","3302":"r","3303":"\\","3304":"n","3305":"i","3306":"m","3307":"p","3308":"o","3309":"r","3310":"t","3311":" ","3312":"L","3313":"o","3314":"a","3315":"d","3316":"i","3317":"n","3318":"g","3319":"S","3320":"c","3321":"r","3322":"e","3323":"e","3324":"n","3325":" ","3326":"f","3327":"r","3328":"o","3329":"m","3330":" ","3331":"'","3332":"@","3333":"/","3334":"c","3335":"o","3336":"m","3337":"p","3338":"o","3339":"n","3340":"e","3341":"n","3342":"t","3343":"s","3344":"/","3345":"s","3346":"h","3347":"a","3348":"r","3349":"e","3350":"d","3351":"-","3352":"c","3353":"o","3354":"m","3355":"p","3356":"o","3357":"n","3358":"e","3359":"n","3360":"t","3361":"s","3362":"/","3363":"L","3364":"o","3365":"a","3366":"d","3367":"i","3368":"n","3369":"g","3370":"S","3371":"c","3372":"r","3373":"e","3374":"e","3375":"n","3376":".","3377":"v","3378":"u","3379":"e","3380":"'","3381":";","3382":"\\","3383":"r","3384":"\\","3385":"n","3386":"i","3387":"m","3388":"p","3389":"o","3390":"r","3391":"t","3392":" ","3393":"{","3394":" ","3395":"u","3396":"s","3397":"e","3398":"P","3399":"o","3400":"k","3401":"e","3402":"m","3403":"o","3404":"n","3405":" ","3406":"}","3407":" ","3408":"f","3409":"r","3410":"o","3411":"m","3412":" ","3413":"'","3414":"@","3415":"/","3416":"c","3417":"o","3418":"m","3419":"p","3420":"o","3421":"s","3422":"a","3423":"b","3424":"l","3425":"e","3426":"s","3427":"/","3428":"u","3429":"s","3430":"e","3431":"P","3432":"o","3433":"k","3434":"e","3435":"m","3436":"o","3437":"n","3438":"'","3439":";","3440":"\\","3441":"r","3442":"\\","3443":"n","3444":"\\","3445":"r","3446":"\\","3447":"n","3448":"c","3449":"o","3450":"n","3451":"s","3452":"t","3453":" ","3454":"s","3455":"e","3456":"a","3457":"r","3458":"c","3459":"h","3460":"Q","3461":"u","3462":"e","3463":"r","3464":"y","3465":" ","3466":"=","3467":" ","3468":"r","3469":"e","3470":"f","3471":"(","3472":"\\","3473":"\"","3474":"\\","3475":"\"","3476":")","3477":";","3478":"\\","3479":"r","3480":"\\","3481":"n","3482":"c","3483":"o","3484":"n","3485":"s","3486":"t","3487":" ","3488":"s","3489":"h","3490":"o","3491":"w","3492":"F","3493":"a","3494":"v","3495":"o","3496":"r","3497":"i","3498":"t","3499":"e","3500":"s","3501":" ","3502":"=","3503":" ","3504":"r","3505":"e","3506":"f","3507":"(","3508":"f","3509":"a","3510":"l","3511":"s","3512":"e","3513":")","3514":";","3515":"\\","3516":"r","3517":"\\","3518":"n","3519":"c","3520":"o","3521":"n","3522":"s","3523":"t","3524":" ","3525":"f","3526":"a","3527":"v","3528":"o","3529":"r","3530":"i","3531":"t","3532":"e","3533":"s","3534":"S","3535":"t","3536":"o","3537":"r","3538":"e","3539":" ","3540":"=","3541":" ","3542":"u","3543":"s","3544":"e","3545":"F","3546":"a","3547":"v","3548":"o","3549":"r","3550":"i","3551":"t","3552":"e","3553":"s","3554":"S","3555":"t","3556":"o","3557":"r","3558":"e","3559":"(","3560":")","3561":";","3562":"\\","3563":"r","3564":"\\","3565":"n","3566":"c","3567":"o","3568":"n","3569":"s","3570":"t","3571":" ","3572":"{","3573":" ","3574":"p","3575":"o","3576":"k","3577":"e","3578":"m","3579":"o","3580":"n","3581":"D","3582":"a","3583":"t","3584":"a","3585":",","3586":" ","3587":"f","3588":"e","3589":"t","3590":"c","3591":"h","3592":"P","3593":"o","3594":"k","3595":"e","3596":"m","3597":"o","3598":"n","3599":",","3600":" ","3601":"p","3602":"o","3603":"k","3604":"e","3605":"m","3606":"o","3607":"n","3608":"L","3609":"i","3610":"s","3611":"t","3612":",","3613":" ","3614":"f","3615":"e","3616":"t","3617":"c","3618":"h","3619":"I","3620":"n","3621":"i","3622":"t","3623":"i","3624":"a","3625":"l","3626":"P","3627":"o","3628":"k","3629":"e","3630":"m","3631":"o","3632":"n","3633":" ","3634":"}","3635":" ","3636":"=","3637":" ","3638":"u","3639":"s","3640":"e","3641":"P","3642":"o","3643":"k","3644":"e","3645":"m","3646":"o","3647":"n","3648":"(","3649":")","3650":";","3651":"\\","3652":"r","3653":"\\","3654":"n","3655":"\\","3656":"r","3657":"\\","3658":"n","3659":"\\","3660":"r","3661":"\\","3662":"n","3663":"c","3664":"o","3665":"n","3666":"s","3667":"t","3668":" ","3669":"h","3670":"a","3671":"n","3672":"d","3673":"l","3674":"e","3675":"S","3676":"u","3677":"b","3678":"m","3679":"i","3680":"t","3681":" ","3682":"=","3683":" ","3684":"(","3685":")","3686":" ","3687":"=","3688":">","3689":" ","3690":"{","3691":"\\","3692":"r","3693":"\\","3694":"n","3695":" ","3696":" ","3697":"i","3698":"f","3699":" ","3700":"(","3701":"!","3702":"s","3703":"e","3704":"a","3705":"r","3706":"c","3707":"h","3708":"Q","3709":"u","3710":"e","3711":"r","3712":"y","3713":".","3714":"v","3715":"a","3716":"l","3717":"u","3718":"e","3719":")","3720":" ","3721":"r","3722":"e","3723":"t","3724":"u","3725":"r","3726":"n","3727":";","3728":"\\","3729":"r","3730":"\\","3731":"n","3732":" ","3733":" ","3734":"f","3735":"e","3736":"t","3737":"c","3738":"h","3739":"P","3740":"o","3741":"k","3742":"e","3743":"m","3744":"o","3745":"n","3746":"(","3747":"s","3748":"e","3749":"a","3750":"r","3751":"c","3752":"h","3753":"Q","3754":"u","3755":"e","3756":"r","3757":"y","3758":".","3759":"v","3760":"a","3761":"l","3762":"u","3763":"e","3764":")","3765":";","3766":"\\","3767":"r","3768":"\\","3769":"n","3770":"}","3771":";","3772":"\\","3773":"r","3774":"\\","3775":"n","3776":"\\","3777":"r","3778":"\\","3779":"n","3780":"\\","3781":"r","3782":"\\","3783":"n","3784":"c","3785":"o","3786":"n","3787":"s","3788":"t","3789":" ","3790":"h","3791":"a","3792":"n","3793":"d","3794":"l","3795":"e","3796":"C","3797":"l","3798":"o","3799":"s","3800":"e","3801":" ","3802":"=","3803":" ","3804":"(","3805":")","3806":" ","3807":"=","3808":">","3809":" ","3810":"{","3811":"\\","3812":"r","3813":"\\","3814":"n","3815":" ","3816":" ","3817":"p","3818":"o","3819":"k","3820":"e","3821":"m","3822":"o","3823":"n","3824":"D","3825":"a","3826":"t","3827":"a","3828":".","3829":"v","3830":"a","3831":"l","3832":"u","3833":"e","3834":" ","3835":"=","3836":" ","3837":"n","3838":"u","3839":"l","3840":"l","3841":";","3842":"\\","3843":"r","3844":"\\","3845":"n","3846":"}","3847":";","3848":"\\","3849":"r","3850":"\\","3851":"n","3852":"\\","3853":"r","3854":"\\","3855":"n","3856":"c","3857":"o","3858":"n","3859":"s","3860":"t","3861":" ","3862":"t","3863":"o","3864":"g","3865":"g","3866":"l","3867":"e","3868":"F","3869":"a","3870":"v","3871":"o","3872":"r","3873":"i","3874":"t","3875":"e","3876":"s","3877":"V","3878":"i","3879":"e","3880":"w","3881":" ","3882":"=","3883":" ","3884":"(","3885":"v","3886":"a","3887":"l","3888":"u","3889":"e","3890":")","3891":" ","3892":"=","3893":">","3894":" ","3895":"{","3896":"\\","3897":"r","3898":"\\","3899":"n","3900":" ","3901":" ","3902":"s","3903":"h","3904":"o","3905":"w","3906":"F","3907":"a","3908":"v","3909":"o","3910":"r","3911":"i","3912":"t","3913":"e","3914":"s","3915":".","3916":"v","3917":"a","3918":"l","3919":"u","3920":"e","3921":" ","3922":"=","3923":" ","3924":"v","3925":"a","3926":"l","3927":"u","3928":"e","3929":";","3930":"\\","3931":"r","3932":"\\","3933":"n","3934":" ","3935":" ","3936":"s","3937":"e","3938":"a","3939":"r","3940":"c","3941":"h","3942":"Q","3943":"u","3944":"e","3945":"r","3946":"y","3947":".","3948":"v","3949":"a","3950":"l","3951":"u","3952":"e","3953":" ","3954":"=","3955":" ","3956":"\\","3957":"\"","3958":"\\","3959":"\"","3960":";","3961":"\\","3962":"r","3963":"\\","3964":"n","3965":"}","3966":";","3967":"\\","3968":"r","3969":"\\","3970":"n","3971":"\\","3972":"r","3973":"\\","3974":"n","3975":"c","3976":"o","3977":"n","3978":"s","3979":"t","3980":" ","3981":"r","3982":"e","3983":"s","3984":"e","3985":"t","3986":"S","3987":"e","3988":"a","3989":"r","3990":"c","3991":"h","3992":" ","3993":"=","3994":" ","3995":"(","3996":")","3997":" ","3998":"=","3999":">","4000":" ","4001":"{","4002":"\\","4003":"r","4004":"\\","4005":"n","4006":" ","4007":" ","4008":"s","4009":"e","4010":"a","4011":"r","4012":"c","4013":"h","4014":"Q","4015":"u","4016":"e","4017":"r","4018":"y","4019":".","4020":"v","4021":"a","4022":"l","4023":"u","4024":"e","4025":" ","4026":"=","4027":" ","4028":"\\","4029":"\"","4030":"\\","4031":"\"","4032":";","4033":"\\","4034":"r","4035":"\\","4036":"n","4037":" ","4038":" ","4039":"s","4040":"h","4041":"o","4042":"w","4043":"F","4044":"a","4045":"v","4046":"o","4047":"r","4048":"i","4049":"t","4050":"e","4051":"s","4052":".","4053":"v","4054":"a","4055":"l","4056":"u","4057":"e","4058":" ","4059":"=","4060":" ","4061":"f","4062":"a","4063":"l","4064":"s","4065":"e","4066":";","4067":"\\","4068":"r","4069":"\\","4070":"n","4071":" ","4072":" ","4073":"f","4074":"e","4075":"t","4076":"c","4077":"h","4078":"I","4079":"n","4080":"i","4081":"t","4082":"i","4083":"a","4084":"l","4085":"P","4086":"o","4087":"k","4088":"e","4089":"m","4090":"o","4091":"n","4092":"(","4093":")","4094":";","4095":"\\","4096":"r","4097":"\\","4098":"n","4099":"}","4100":";","4101":"\\","4102":"r","4103":"\\","4104":"n","4105":"\\","4106":"r","4107":"\\","4108":"n","4109":"\\","4110":"r","4111":"\\","4112":"n","4113":"c","4114":"o","4115":"n","4116":"s","4117":"t","4118":" ","4119":"f","4120":"i","4121":"l","4122":"t","4123":"e","4124":"r","4125":"e","4126":"d","4127":"L","4128":"i","4129":"s","4130":"t","4131":" ","4132":"=","4133":" ","4134":"c","4135":"o","4136":"m","4137":"p","4138":"u","4139":"t","4140":"e","4141":"d","4142":"(","4143":"(","4144":")","4145":" ","4146":"=","4147":">","4148":" ","4149":"{","4150":"\\","4151":"r","4152":"\\","4153":"n","4154":" ","4155":" ","4156":"c","4157":"o","4158":"n","4159":"s","4160":"t","4161":" ","4162":"q","4163":"u","4164":"e","4165":"r","4166":"y","4167":" ","4168":"=","4169":" ","4170":"s","4171":"e","4172":"a","4173":"r","4174":"c","4175":"h","4176":"Q","4177":"u","4178":"e","4179":"r","4180":"y","4181":".","4182":"v","4183":"a","4184":"l","4185":"u","4186":"e","4187":".","4188":"t","4189":"o","4190":"L","4191":"o","4192":"w","4193":"e","4194":"r","4195":"C","4196":"a","4197":"s","4198":"e","4199":"(","4200":")","4201":";","4202":"\\","4203":"r","4204":"\\","4205":"n","4206":"\\","4207":"r","4208":"\\","4209":"n","4210":" ","4211":" ","4212":"i","4213":"f","4214":" ","4215":"(","4216":"s","4217":"h","4218":"o","4219":"w","4220":"F","4221":"a","4222":"v","4223":"o","4224":"r","4225":"i","4226":"t","4227":"e","4228":"s","4229":".","4230":"v","4231":"a","4232":"l","4233":"u","4234":"e","4235":")","4236":" ","4237":"{","4238":"\\","4239":"r","4240":"\\","4241":"n","4242":" ","4243":" ","4244":" ","4245":" ","4246":"r","4247":"e","4248":"t","4249":"u","4250":"r","4251":"n","4252":" ","4253":"f","4254":"a","4255":"v","4256":"o","4257":"r","4258":"i","4259":"t","4260":"e","4261":"s","4262":"S","4263":"t","4264":"o","4265":"r","4266":"e","4267":".","4268":"f","4269":"a","4270":"v","4271":"o","4272":"r","4273":"i","4274":"t","4275":"e","4276":"s","4277":".","4278":"f","4279":"i","4280":"l","4281":"t","4282":"e","4283":"r","4284":"(","4285":"p","4286":"o","4287":"k","4288":"e","4289":"m","4290":"o","4291":"n","4292":" ","4293":"=","4294":">","4295":"\\","4296":"r","4297":"\\","4298":"n","4299":" ","4300":" ","4301":" ","4302":" ","4303":" ","4304":" ","4305":"p","4306":"o","4307":"k","4308":"e","4309":"m","4310":"o","4311":"n","4312":".","4313":"n","4314":"a","4315":"m","4316":"e","4317":".","4318":"t","4319":"o","4320":"L","4321":"o","4322":"w","4323":"e","4324":"r","4325":"C","4326":"a","4327":"s","4328":"e","4329":"(","4330":")","4331":".","4332":"i","4333":"n","4334":"c","4335":"l","4336":"u","4337":"d","4338":"e","4339":"s","4340":"(","4341":"q","4342":"u","4343":"e","4344":"r","4345":"y","4346":")","4347":"\\","4348":"r","4349":"\\","4350":"n","4351":" ","4352":" ","4353":" ","4354":" ","4355":")","4356":";","4357":"\\","4358":"r","4359":"\\","4360":"n","4361":" ","4362":" ","4363":"}","4364":" ","4365":"e","4366":"l","4367":"s","4368":"e","4369":" ","4370":"{","4371":"\\","4372":"r","4373":"\\","4374":"n","4375":" ","4376":" ","4377":" ","4378":" ","4379":"r","4380":"e","4381":"t","4382":"u","4383":"r","4384":"n","4385":" ","4386":"p","4387":"o","4388":"k","4389":"e","4390":"m","4391":"o","4392":"n","4393":"L","4394":"i","4395":"s","4396":"t","4397":".","4398":"v","4399":"a","4400":"l","4401":"u","4402":"e","4403":".","4404":"f","4405":"i","4406":"l","4407":"t","4408":"e","4409":"r","4410":"(","4411":"p","4412":"o","4413":"k","4414":"e","4415":"m","4416":"o","4417":"n","4418":" ","4419":"=","4420":">","4421":"\\","4422":"r","4423":"\\","4424":"n","4425":" ","4426":" ","4427":" ","4428":" ","4429":" ","4430":" ","4431":"p","4432":"o","4433":"k","4434":"e","4435":"m","4436":"o","4437":"n","4438":".","4439":"n","4440":"a","4441":"m","4442":"e","4443":".","4444":"t","4445":"o","4446":"L","4447":"o","4448":"w","4449":"e","4450":"r","4451":"C","4452":"a","4453":"s","4454":"e","4455":"(","4456":")","4457":".","4458":"i","4459":"n","4460":"c","4461":"l","4462":"u","4463":"d","4464":"e","4465":"s","4466":"(","4467":"q","4468":"u","4469":"e","4470":"r","4471":"y","4472":")","4473":"\\","4474":"r","4475":"\\","4476":"n","4477":" ","4478":" ","4479":" ","4480":" ","4481":")","4482":";","4483":"\\","4484":"r","4485":"\\","4486":"n","4487":" ","4488":" ","4489":"}","4490":"\\","4491":"r","4492":"\\","4493":"n","4494":"}","4495":")","4496":";","4497":"\\","4498":"r","4499":"\\","4500":"n","4501":"<","4502":"/","4503":"s","4504":"c","4505":"r","4506":"i","4507":"p","4508":"t","4509":">","4510":"\\","4511":"r","4512":"\\","4513":"n","4514":"\\","4515":"r","4516":"\\","4517":"n","4518":"\\","4519":"r","4520":"\\","4521":"n","4522":"\\","4523":"r","4524":"\\","4525":"n","4526":"<","4527":"s","4528":"t","4529":"y","4530":"l","4531":"e","4532":">","4533":"\\","4534":"r","4535":"\\","4536":"n","4537":".","4538":"m","4539":"a","4540":"i","4541":"n","4542":" ","4543":"{","4544":"\\","4545":"r","4546":"\\","4547":"n","4548":" ","4549":" ","4550":"f","4551":"l","4552":"e","4553":"x","4554":":","4555":" ","4556":"1","4557":";","4558":"\\","4559":"r","4560":"\\","4561":"n","4562":" ","4563":" ","4564":"w","4565":"i","4566":"d","4567":"t","4568":"h","4569":":","4570":" ","4571":"1","4572":"0","4573":"0","4574":"%","4575":";","4576":"\\","4577":"r","4578":"\\","4579":"n","4580":" ","4581":" ","4582":"d","4583":"i","4584":"s","4585":"p","4586":"l","4587":"a","4588":"y","4589":":","4590":" ","4591":"f","4592":"l","4593":"e","4594":"x","4595":";","4596":"\\","4597":"r","4598":"\\","4599":"n","4600":" ","4601":" ","4602":"f","4603":"l","4604":"e","4605":"x","4606":"-","4607":"d","4608":"i","4609":"r","4610":"e","4611":"c","4612":"t","4613":"i","4614":"o","4615":"n","4616":":","4617":" ","4618":"c","4619":"o","4620":"l","4621":"u","4622":"m","4623":"n","4624":";","4625":"\\","4626":"r","4627":"\\","4628":"n","4629":" ","4630":" ","4631":"a","4632":"l","4633":"i","4634":"g","4635":"n","4636":"-","4637":"i","4638":"t","4639":"e","4640":"m","4641":"s","4642":":","4643":" ","4644":"c","4645":"e","4646":"n","4647":"t","4648":"e","4649":"r","4650":";","4651":"\\","4652":"r","4653":"\\","4654":"n","4655":"}","4656":"\\","4657":"r","4658":"\\","4659":"n","4660":"\\","4661":"r","4662":"\\","4663":"n","4664":".","4665":"f","4666":"a","4667":"d","4668":"e","4669":"-","4670":"e","4671":"n","4672":"t","4673":"e","4674":"r","4675":"-","4676":"a","4677":"c","4678":"t","4679":"i","4680":"v","4681":"e","4682":",","4683":"\\","4684":"r","4685":"\\","4686":"n","4687":".","4688":"f","4689":"a","4690":"d","4691":"e","4692":"-","4693":"l","4694":"e","4695":"a","4696":"v","4697":"e","4698":"-","4699":"a","4700":"c","4701":"t","4702":"i","4703":"v","4704":"e","4705":" ","4706":"{","4707":"\\","4708":"r","4709":"\\","4710":"n","4711":" ","4712":" ","4713":"t","4714":"r","4715":"a","4716":"n","4717":"s","4718":"i","4719":"t","4720":"i","4721":"o","4722":"n","4723":":","4724":" ","4725":"o","4726":"p","4727":"a","4728":"c","4729":"i","4730":"t","4731":"y","4732":" ","4733":"0","4734":".","4735":"3","4736":"s","4737":" ","4738":"e","4739":"a","4740":"s","4741":"e","4742":";","4743":"\\","4744":"r","4745":"\\","4746":"n","4747":"}","4748":"\\","4749":"r","4750":"\\","4751":"n","4752":"\\","4753":"r","4754":"\\","4755":"n","4756":".","4757":"f","4758":"a","4759":"d","4760":"e","4761":"-","4762":"e","4763":"n","4764":"t","4765":"e","4766":"r","4767":"-","4768":"f","4769":"r","4770":"o","4771":"m","4772":",","4773":"\\","4774":"r","4775":"\\","4776":"n","4777":".","4778":"f","4779":"a","4780":"d","4781":"e","4782":"-","4783":"l","4784":"e","4785":"a","4786":"v","4787":"e","4788":"-","4789":"t","4790":"o","4791":" ","4792":"{","4793":"\\","4794":"r","4795":"\\","4796":"n","4797":" ","4798":" ","4799":"o","4800":"p","4801":"a","4802":"c","4803":"i","4804":"t","4805":"y","4806":":","4807":" ","4808":"0","4809":";","4810":"\\","4811":"r","4812":"\\","4813":"n","4814":"}","4815":"\\","4816":"r","4817":"\\","4818":"n","4819":"\\","4820":"r","4821":"\\","4822":"n","4823":".","4824":"f","4825":"a","4826":"d","4827":"e","4828":"-","4829":"e","4830":"n","4831":"t","4832":"e","4833":"r","4834":"-","4835":"t","4836":"o","4837":",","4838":"\\","4839":"r","4840":"\\","4841":"n","4842":".","4843":"f","4844":"a","4845":"d","4846":"e","4847":"-","4848":"l","4849":"e","4850":"a","4851":"v","4852":"e","4853":"-","4854":"f","4855":"r","4856":"o","4857":"m","4858":" ","4859":"{","4860":"\\","4861":"r","4862":"\\","4863":"n","4864":" ","4865":" ","4866":"o","4867":"p","4868":"a","4869":"c","4870":"i","4871":"t","4872":"y","4873":":","4874":" ","4875":"1","4876":";","4877":"\\","4878":"r","4879":"\\","4880":"n","4881":"}","4882":"\\","4883":"r","4884":"\\","4885":"n","4886":"\\","4887":"r","4888":"\\","4889":"n","4890":"\\","4891":"r","4892":"\\","4893":"n","4894":".","4895":"o","4896":"p","4897":"e","4898":"n","4899":"-","4900":"m","4901":"o","4902":"d","4903":"a","4904":"l","4905":" ","4906":"{","4907":"\\","4908":"r","4909":"\\","4910":"n","4911":" ","4912":" ","4913":"h","4914":"e","4915":"i","4916":"g","4917":"h","4918":"t","4919":":","4920":" ","4921":"1","4922":"0","4923":"0","4924":"v","4925":"h","4926":";","4927":"\\","4928":"r","4929":"\\","4930":"n","4931":" ","4932":" ","4933":"o","4934":"v","4935":"e","4936":"r","4937":"f","4938":"l","4939":"o","4940":"w","4941":":","4942":" ","4943":"h","4944":"i","4945":"d","4946":"d","4947":"e","4948":"n","4949":";","4950":"\\","4951":"r","4952":"\\","4953":"n","4954":" ","4955":" ","4956":"p","4957":"o","4958":"s","4959":"i","4960":"t","4961":"i","4962":"o","4963":"n","4964":":","4965":" ","4966":"f","4967":"i","4968":"x","4969":"e","4970":"d","4971":";","4972":"\\","4973":"r","4974":"\\","4975":"n","4976":" ","4977":" ","4978":"w","4979":"i","4980":"d","4981":"t","4982":"h","4983":":","4984":" ","4985":"1","4986":"0","4987":"0","4988":"%","4989":";","4990":"\\","4991":"r","4992":"\\","4993":"n","4994":" ","4995":" ","4996":"o","4997":"v","4998":"e","4999":"r","5000":"s","5001":"c","5002":"r","5003":"o","5004":"l","5005":"l","5006":"-","5007":"b","5008":"e","5009":"h","5010":"a","5011":"v","5012":"i","5013":"o","5014":"r","5015":":","5016":" ","5017":"n","5018":"o","5019":"n","5020":"e","5021":";","5022":"\\","5023":"r","5024":"\\","5025":"n","5026":"}","5027":"\\","5028":"r","5029":"\\","5030":"n","5031":"\\","5032":"r","5033":"\\","5034":"n","5035":".","5036":"o","5037":"v","5038":"e","5039":"r","5040":"l","5041":"a","5042":"y","5043":" ","5044":"{","5045":"\\","5046":"r","5047":"\\","5048":"n","5049":" ","5050":" ","5051":"b","5052":"a","5053":"c","5054":"k","5055":"g","5056":"r","5057":"o","5058":"u","5059":"n","5060":"d","5061":":","5062":" ","5063":"v","5064":"a","5065":"r","5066":"(","5067":"-","5068":"-","5069":"c","5070":"o","5071":"l","5072":"o","5073":"r","5074":"-","5075":"o","5076":"v","5077":"e","5078":"r","5079":"l","5080":"a","5081":"y","5082":")","5083":";","5084":"\\","5085":"r","5086":"\\","5087":"n","5088":" ","5089":" ","5090":"w","5091":"i","5092":"d","5093":"t","5094":"h","5095":":","5096":" ","5097":"1","5098":"0","5099":"0","5100":"v","5101":"w","5102":";","5103":"\\","5104":"r","5105":"\\","5106":"n","5107":" ","5108":" ","5109":"h","5110":"e","5111":"i","5112":"g","5113":"h","5114":"t","5115":":","5116":" ","5117":"1","5118":"0","5119":"0","5120":"v","5121":"h","5122":";","5123":"\\","5124":"r","5125":"\\","5126":"n","5127":" ","5128":" ","5129":"p","5130":"o","5131":"s","5132":"i","5133":"t","5134":"i","5135":"o","5136":"n","5137":":","5138":" ","5139":"f","5140":"i","5141":"x","5142":"e","5143":"d","5144":";","5145":"\\","5146":"r","5147":"\\","5148":"n","5149":" ","5150":" ","5151":"z","5152":"-","5153":"i","5154":"n","5155":"d","5156":"e","5157":"x","5158":":","5159":" ","5160":"6","5161":";","5162":"\\","5163":"r","5164":"\\","5165":"n","5166":"}","5167":"\\","5168":"r","5169":"\\","5170":"n","5171":"\\","5172":"r","5173":"\\","5174":"n","5175":"\\","5176":"r","5177":"\\","5178":"n","5179":".","5180":"s","5181":"e","5182":"a","5183":"r","5184":"c","5185":"h","5186":"-","5187":"i","5188":"n","5189":"p","5190":"u","5191":"t","5192":" ","5193":"{","5194":"\\","5195":"r","5196":"\\","5197":"n","5198":" ","5199":" ","5200":"m","5201":"a","5202":"r","5203":"g","5204":"i","5205":"n","5206":":","5207":" ","5208":"a","5209":"u","5210":"t","5211":"o","5212":";","5213":"\\","5214":"r","5215":"\\","5216":"n","5217":" ","5218":" ","5219":"m","5220":"a","5221":"r","5222":"g","5223":"i","5224":"n","5225":"-","5226":"t","5227":"o","5228":"p","5229":":","5230":" ","5231":"3","5232":"5","5233":"p","5234":"x","5235":";","5236":"\\","5237":"r","5238":"\\","5239":"n","5240":"}","5241":"\\","5242":"r","5243":"\\","5244":"n","5245":"\\","5246":"r","5247":"\\","5248":"n","5249":".","5250":"l","5251":"i","5252":"s","5253":"t","5254":"-","5255":"c","5256":"o","5257":"m","5258":"p","5259":"o","5260":"n","5261":"e","5262":"n","5263":"t","5264":" ","5265":"{","5266":"\\","5267":"r","5268":"\\","5269":"n","5270":" ","5271":" ","5272":"m","5273":"a","5274":"r","5275":"g","5276":"i","5277":"n","5278":"-","5279":"l","5280":"e","5281":"f","5282":"t","5283":":","5284":" ","5285":"a","5286":"u","5287":"t","5288":"o","5289":";","5290":"\\","5291":"r","5292":"\\","5293":"n","5294":" ","5295":" ","5296":"m","5297":"a","5298":"r","5299":"g","5300":"i","5301":"n","5302":"-","5303":"r","5304":"i","5305":"g","5306":"h","5307":"t","5308":":","5309":" ","5310":"a","5311":"u","5312":"t","5313":"o","5314":";","5315":"\\","5316":"r","5317":"\\","5318":"n","5319":"}","5320":"\\","5321":"r","5322":"\\","5323":"n","5324":"\\","5325":"r","5326":"\\","5327":"n","5328":".","5329":"f","5330":"o","5331":"u","5332":"n","5333":"d","5334":"-","5335":"l","5336":"i","5337":"s","5338":"t","5339":"s","5340":" ","5341":"{","5342":"\\","5343":"r","5344":"\\","5345":"n","5346":" ","5347":" ","5348":"m","5349":"a","5350":"r","5351":"g","5352":"i","5353":"n","5354":"-","5355":"t","5356":"o","5357":"p","5358":":","5359":" ","5360":"4","5361":"0","5362":"p","5363":"x","5364":";","5365":"\\","5366":"r","5367":"\\","5368":"n","5369":" ","5370":" ","5371":"m","5372":"a","5373":"r","5374":"g","5375":"i","5376":"n","5377":"-","5378":"l","5379":"e","5380":"f","5381":"t","5382":":","5383":" ","5384":"a","5385":"u","5386":"t","5387":"o","5388":";","5389":"\\","5390":"r","5391":"\\","5392":"n","5393":" ","5394":" ","5395":"m","5396":"a","5397":"r","5398":"g","5399":"i","5400":"n","5401":"-","5402":"r","5403":"i","5404":"g","5405":"h","5406":"t","5407":":","5408":" ","5409":"a","5410":"u","5411":"t","5412":"o","5413":";","5414":"\\","5415":"r","5416":"\\","5417":"n","5418":" ","5419":" ","5420":"d","5421":"i","5422":"s","5423":"p","5424":"l","5425":"a","5426":"y","5427":":","5428":" ","5429":"f","5430":"l","5431":"e","5432":"x","5433":";","5434":"\\","5435":"r","5436":"\\","5437":"n","5438":" ","5439":" ","5440":"f","5441":"l","5442":"e","5443":"x","5444":"-","5445":"d","5446":"i","5447":"r","5448":"e","5449":"c","5450":"t","5451":"i","5452":"o","5453":"n","5454":":","5455":" ","5456":"c","5457":"o","5458":"l","5459":"u","5460":"m","5461":"n","5462":";","5463":"\\","5464":"r","5465":"\\","5466":"n","5467":" ","5468":" ","5469":"g","5470":"a","5471":"p","5472":":","5473":" ","5474":"1","5475":"0","5476":"p","5477":"x","5478":";","5479":"\\","5480":"r","5481":"\\","5482":"n","5483":" ","5484":" ","5485":"w","5486":"i","5487":"d","5488":"t","5489":"h","5490":":","5491":" ","5492":"8","5493":"0","5494":"%","5495":";","5496":"\\","5497":"r","5498":"\\","5499":"n","5500":" ","5501":" ","5502":"m","5503":"a","5504":"r","5505":"g","5506":"i","5507":"n","5508":"-","5509":"b","5510":"o","5511":"t","5512":"t","5513":"o","5514":"m","5515":":","5516":" ","5517":"1","5518":"4","5519":"4","5520":"p","5521":"x","5522":";","5523":"\\","5524":"r","5525":"\\","5526":"n","5527":"}","5528":"\\","5529":"r","5530":"\\","5531":"n","5532":"\\","5533":"r","5534":"\\","5535":"n","5536":".","5537":"n","5538":"o","5539":"-","5540":"r","5541":"e","5542":"s","5543":"u","5544":"l","5545":"t","5546":"s","5547":" ","5548":"{","5549":"\\","5550":"r","5551":"\\","5552":"n","5553":" ","5554":" ","5555":"d","5556":"i","5557":"s","5558":"p","5559":"l","5560":"a","5561":"y","5562":":","5563":" ","5564":"f","5565":"l","5566":"e","5567":"x","5568":";","5569":"\\","5570":"r","5571":"\\","5572":"n","5573":" ","5574":" ","5575":"f","5576":"l","5577":"e","5578":"x","5579":"-","5580":"d","5581":"i","5582":"r","5583":"e","5584":"c","5585":"t","5586":"i","5587":"o","5588":"n","5589":":","5590":" ","5591":"c","5592":"o","5593":"l","5594":"u","5595":"m","5596":"n","5597":";","5598":"\\","5599":"r","5600":"\\","5601":"n","5602":" ","5603":" ","5604":"a","5605":"l","5606":"i","5607":"g","5608":"n","5609":"-","5610":"i","5611":"t","5612":"e","5613":"m","5614":"s","5615":":","5616":" ","5617":"c","5618":"e","5619":"n","5620":"t","5621":"e","5622":"r","5623":";","5624":"\\","5625":"r","5626":"\\","5627":"n","5628":" ","5629":" ","5630":"m","5631":"a","5632":"r","5633":"g","5634":"i","5635":"n","5636":"-","5637":"t","5638":"o","5639":"p","5640":":","5641":" ","5642":"5","5643":"0","5644":"p","5645":"x","5646":";","5647":"\\","5648":"r","5649":"\\","5650":"n","5651":"}","5652":"\\","5653":"r","5654":"\\","5655":"n","5656":"\\","5657":"r","5658":"\\","5659":"n","5660":".","5661":"n","5662":"o","5663":"-","5664":"r","5665":"e","5666":"s","5667":"u","5668":"l","5669":"t","5670":"s","5671":" ","5672":"h","5673":"2","5674":" ","5675":"{","5676":"\\","5677":"r","5678":"\\","5679":"n","5680":" ","5681":" ","5682":"c","5683":"o","5684":"l","5685":"o","5686":"r","5687":":","5688":" ","5689":"v","5690":"a","5691":"r","5692":"(","5693":"-","5694":"-","5695":"c","5696":"o","5697":"l","5698":"o","5699":"r","5700":"-","5701":"d","5702":"a","5703":"r","5704":"k","5705":"-","5706":"g","5707":"a","5708":"y","5709":")","5710":";","5711":"\\","5712":"r","5713":"\\","5714":"n","5715":" ","5716":" ","5717":"f","5718":"o","5719":"n","5720":"t","5721":"-","5722":"s","5723":"i","5724":"z","5725":"e","5726":":","5727":" ","5728":"v","5729":"a","5730":"r","5731":"(","5732":"-","5733":"-","5734":"f","5735":"o","5736":"n","5737":"t","5738":"-","5739":"s","5740":"i","5741":"z","5742":"e","5743":"-","5744":"x","5745":"x","5746":"-","5747":"l","5748":"g","5749":")","5750":";","5751":"\\","5752":"r","5753":"\\","5754":"n","5755":" ","5756":" ","5757":"f","5758":"o","5759":"n","5760":"t","5761":"-","5762":"w","5763":"e","5764":"i","5765":"g","5766":"h","5767":"t","5768":":","5769":" ","5770":"v","5771":"a","5772":"r","5773":"(","5774":"-","5775":"-","5776":"f","5777":"o","5778":"n","5779":"t","5780":"-","5781":"w","5782":"e","5783":"i","5784":"g","5785":"h","5786":"t","5787":"-","5788":"b","5789":"o","5790":"l","5791":"d","5792":")","5793":";","5794":"\\","5795":"r","5796":"\\","5797":"n","5798":" ","5799":" ","5800":"f","5801":"o","5802":"n","5803":"t","5804":"-","5805":"f","5806":"a","5807":"m","5808":"i","5809":"l","5810":"y","5811":":","5812":" ","5813":"v","5814":"a","5815":"r","5816":"(","5817":"-","5818":"-","5819":"f","5820":"o","5821":"n","5822":"t","5823":"-","5824":"b","5825":"a","5826":"s","5827":"e","5828":")","5829":";","5830":"\\","5831":"r","5832":"\\","5833":"n","5834":" ","5835":" ","5836":"l","5837":"e","5838":"t","5839":"t","5840":"e","5841":"r","5842":"-","5843":"s","5844":"p","5845":"a","5846":"c","5847":"i","5848":"n","5849":"g","5850":":","5851":" ","5852":"0","5853":"%","5854":";","5855":"\\","5856":"r","5857":"\\","5858":"n","5859":"}","5860":"\\","5861":"r","5862":"\\","5863":"n","5864":"\\","5865":"r","5866":"\\","5867":"n","5868":".","5869":"n","5870":"o","5871":"-","5872":"r","5873":"e","5874":"s","5875":"u","5876":"l","5877":"t","5878":"s","5879":" ","5880":"p","5881":" ","5882":"{","5883":"\\","5884":"r","5885":"\\","5886":"n","5887":" ","5888":" ","5889":"f","5890":"o","5891":"n","5892":"t","5893":"-","5894":"f","5895":"a","5896":"m","5897":"i","5898":"l","5899":"y","5900":":","5901":" ","5902":"v","5903":"a","5904":"r","5905":"(","5906":"-","5907":"-","5908":"f","5909":"o","5910":"n","5911":"t","5912":"-","5913":"b","5914":"a","5915":"s","5916":"e","5917":")","5918":";","5919":"\\","5920":"r","5921":"\\","5922":"n","5923":" ","5924":" ","5925":"f","5926":"o","5927":"n","5928":"t","5929":"-","5930":"s","5931":"i","5932":"z","5933":"e","5934":":","5935":" ","5936":"v","5937":"a","5938":"r","5939":"(","5940":"-","5941":"-","5942":"f","5943":"o","5944":"n","5945":"t","5946":"-","5947":"s","5948":"i","5949":"z","5950":"e","5951":"-","5952":"m","5953":"e","5954":"d","5955":"i","5956":"u","5957":"m","5958":")","5959":";","5960":"\\","5961":"r","5962":"\\","5963":"n","5964":" ","5965":" ","5966":"f","5967":"o","5968":"n","5969":"t","5970":"-","5971":"w","5972":"e","5973":"i","5974":"g","5975":"h","5976":"t","5977":":","5978":" ","5979":"v","5980":"a","5981":"r","5982":"(","5983":"-","5984":"-","5985":"f","5986":"o","5987":"n","5988":"t","5989":"-","5990":"w","5991":"e","5992":"i","5993":"g","5994":"h","5995":"t","5996":"-","5997":"b","5998":"a","5999":"s","6000":"e","6001":")","6002":";","6003":"\\","6004":"r","6005":"\\","6006":"n","6007":" ","6008":" ","6009":"l","6010":"i","6011":"n","6012":"e","6013":"-","6014":"h","6015":"e","6016":"i","6017":"g","6018":"h","6019":"t","6020":":","6021":" ","6022":"1","6023":"5","6024":"0","6025":"%","6026":";","6027":"\\","6028":"r","6029":"\\","6030":"n","6031":" ","6032":" ","6033":"m","6034":"a","6035":"r","6036":"g","6037":"i","6038":"n","6039":"-","6040":"t","6041":"o","6042":"p","6043":":","6044":" ","6045":"1","6046":"0","6047":"p","6048":"x","6049":";","6050":"\\","6051":"r","6052":"\\","6053":"n","6054":"}","6055":"\\","6056":"r","6057":"\\","6058":"n","6059":"\\","6060":"r","6061":"\\","6062":"n","6063":".","6064":"n","6065":"o","6066":"-","6067":"r","6068":"e","6069":"s","6070":"u","6071":"l","6072":"t","6073":"s","6074":" ","6075":".","6076":"b","6077":"u","6078":"t","6079":"t","6080":"o","6081":"n","6082":"-","6083":"c","6084":"o","6085":"m","6086":"p","6087":"o","6088":"n","6089":"e","6090":"n","6091":"t","6092":"e","6093":" ","6094":"{","6095":"\\","6096":"r","6097":"\\","6098":"n","6099":" ","6100":" ","6101":"m","6102":"a","6103":"r","6104":"g","6105":"i","6106":"n","6107":"-","6108":"t","6109":"o","6110":"p","6111":":","6112":" ","6113":"2","6114":"5","6115":"p","6116":"x","6117":";","6118":"\\","6119":"r","6120":"\\","6121":"n","6122":"}","6123":"\\","6124":"r","6125":"\\","6126":"n","6127":"\\","6128":"r","6129":"\\","6130":"n","6131":"@","6132":"m","6133":"e","6134":"d","6135":"i","6136":"a","6137":" ","6138":"(","6139":"m","6140":"i","6141":"n","6142":"-","6143":"w","6144":"i","6145":"d","6146":"t","6147":"h","6148":":","6149":" ","6150":"7","6151":"6","6152":"8","6153":"p","6154":"x","6155":")","6156":" ","6157":"{","6158":"\\","6159":"r","6160":"\\","6161":"n","6162":" ","6163":" ","6164":".","6165":"f","6166":"o","6167":"u","6168":"n","6169":"d","6170":"-","6171":"l","6172":"i","6173":"s","6174":"t","6175":"s","6176":" ","6177":"{","6178":"\\","6179":"r","6180":"\\","6181":"n","6182":" ","6183":" ","6184":" ","6185":" ","6186":"w","6187":"i","6188":"d","6189":"t","6190":"h","6191":":","6192":" ","6193":"5","6194":"7","6195":"0","6196":"p","6197":"x","6198":";","6199":"\\","6200":"r","6201":"\\","6202":"n","6203":" ","6204":" ","6205":"}","6206":"\\","6207":"r","6208":"\\","6209":"n","6210":"}","6211":"\\","6212":"r","6213":"\\","6214":"n","6215":"<","6216":"/","6217":"s","6218":"t","6219":"y","6220":"l","6221":"e","6222":">","6223":"\"","6224":"]","6225":"}"},"_coverageSchema":"1a1c01bbd47fc00a2c39e90264f33305004495a9","hash":"0ff3ecb4708116176a8369f026b8ea73c36fcf03"}
,"C:\\Users\\dtama\\Music\\Vuejs Prueba\\poke-api\\src\\components\\WelcomePage.vue": {"path":"C:\\Users\\dtama\\Music\\Vuejs Prueba\\poke-api\\src\\components\\WelcomePage.vue","statementMap":{"0":{"start":{"line":4,"column":29},"end":{"line":4,"column":151}},"1":{"start":{"line":5,"column":0},"end":{"line":7,"column":3}},"2":{"start":{"line":8,"column":0},"end":{"line":8,"column":25}},"3":{"start":{"line":9,"column":0},"end":{"line":9,"column":44}},"4":{"start":{"line":56,"column":0},"end":{"line":58,"column":3}},"5":{"start":{"line":59,"column":0},"end":{"line":59,"column":24}},"6":{"start":{"line":60,"column":11},"end":{"line":60,"column":25}},"7":{"start":{"line":61,"column":19},"end":{"line":63,"column":1}},"8":{"start":{"line":65,"column":2},"end":{"line":72,"column":7}},"9":{"start":{"line":73,"column":2},"end":{"line":73,"column":49}}},"fnMap":{"0":{"name":"render","decl":{"start":{"line":64,"column":9},"end":{"line":64,"column":15}},"loc":{"start":{"line":64,"column":63},"end":{"line":73,"column":1}},"line":64}},"branchMap":{"0":{"loc":{"start":{"line":65,"column":81},"end":{"line":69,"column":29}},"type":"binary-expr","locations":[{"start":{"line":65,"column":81},"end":{"line":65,"column":90}},{"start":{"line":65,"column":95},"end":{"line":69,"column":28}}],"line":65},"1":{"loc":{"start":{"line":69,"column":31},"end":{"line":69,"column":138}},"type":"binary-expr","locations":[{"start":{"line":69,"column":31},"end":{"line":69,"column":40}},{"start":{"line":69,"column":45},"end":{"line":69,"column":137}}],"line":69},"2":{"loc":{"start":{"line":69,"column":140},"end":{"line":69,"column":333}},"type":"binary-expr","locations":[{"start":{"line":69,"column":140},"end":{"line":69,"column":149}},{"start":{"line":69,"column":154},"end":{"line":69,"column":332}}],"line":69}},"s":{"0":1,"1":1,"2":1,"3":1,"4":1,"5":1,"6":1,"7":1,"8":2,"9":1},"f":{"0":2},"b":{"0":[2,2],"1":[2,2],"2":[2,2]},"inputSourceMap":{"0":"{","1":"\"","2":"v","3":"e","4":"r","5":"s","6":"i","7":"o","8":"n","9":"\"","10":":","11":"3","12":",","13":"\"","14":"s","15":"o","16":"u","17":"r","18":"c","19":"e","20":"s","21":"\"","22":":","23":"[","24":"\"","25":"C","26":":","27":"/","28":"U","29":"s","30":"e","31":"r","32":"s","33":"/","34":"d","35":"t","36":"a","37":"m","38":"a","39":"/","40":"M","41":"u","42":"s","43":"i","44":"c","45":"/","46":"V","47":"u","48":"e","49":"j","50":"s","51":" ","52":"P","53":"r","54":"u","55":"e","56":"b","57":"a","58":"/","59":"p","60":"o","61":"k","62":"e","63":"-","64":"a","65":"p","66":"i","67":"/","68":"s","69":"r","70":"c","71":"/","72":"c","73":"o","74":"m","75":"p","76":"o","77":"n","78":"e","79":"n","80":"t","81":"s","82":"/","83":"W","84":"e","85":"l","86":"c","87":"o","88":"m","89":"e","90":"P","91":"a","92":"g","93":"e","94":".","95":"v","96":"u","97":"e","98":"\"","99":"]","100":",","101":"\"","102":"n","103":"a","104":"m","105":"e","106":"s","107":"\"","108":":","109":"[","110":"]","111":",","112":"\"","113":"m","114":"a","115":"p","116":"p","117":"i","118":"n","119":"g","120":"s","121":"\"","122":":","123":"\"","124":";","125":";","126":";","127":";","128":";","129":";","130":";","131":";","132":";","133":"A","134":"A","135":"U","136":"A","137":";","138":"A","139":"A","140":"A","141":"A","142":";","143":"A","144":"A","145":"A","146":"A","147":";","148":"A","149":"A","150":"C","151":"I","152":";","153":"A","154":"A","155":"A","156":"A","157":";","158":"A","159":"A","160":"A","161":"A","162":";","163":"A","164":"A","165":"A","166":"u","167":"C","168":";","169":"A","170":"A","171":"A","172":"A","173":";","174":";","175":";","176":";","177":";","178":";","179":"I","180":"A","181":"E","182":"v","183":"C","184":",","185":"M","186":"A","187":"A","188":"M","189":",","190":"M","191":"A","192":"A","193":"M","194":";","195":"I","196":"A","197":"A","198":"G","199":";","200":"I","201":"A","202":"A","203":"A","204":";","205":"I","206":"A","207":"A","208":"A","209":";","210":"I","211":"A","212":"A","213":"A","214":";","215":"I","216":"A","217":"A","218":"A","219":";","220":"I","221":"A","222":"A","223":"A","224":",","225":"S","226":"A","227":"A","228":"S","229":",","230":"E","231":"A","232":"A","233":"C","234":",","235":"C","236":"A","237":"A","238":"C","239":";","240":"I","241":"A","242":"E","243":"1","244":"B","245":",","246":"S","247":"A","248":"A","249":"S","250":",","251":"Q","252":"A","253":"A","254":"Q","255":",","256":"G","257":"A","258":"A","259":"G","260":";","261":"M","262":"A","263":"C","264":"h","265":"B","266":",","267":"M","268":"A","269":"A","270":"M","271":",","272":"C","273":"A","274":"A","275":"C","276":",","277":"I","278":"A","279":"A","280":"I","281":",","282":"C","283":"A","284":"A","285":"C","286":",","287":"O","288":"A","289":"A","290":"O","291":",","292":"C","293":"A","294":"A","295":"C","296":";","297":"I","298":"A","299":"C","300":"x","301":"B","302":"\"","303":",","304":"\"","305":"f","306":"i","307":"l","308":"e","309":"\"","310":":","311":"\"","312":"C","313":":","314":"\\","315":"\\","316":"U","317":"s","318":"e","319":"r","320":"s","321":"\\","322":"\\","323":"d","324":"t","325":"a","326":"m","327":"a","328":"\\","329":"\\","330":"M","331":"u","332":"s","333":"i","334":"c","335":"\\","336":"\\","337":"V","338":"u","339":"e","340":"j","341":"s","342":" ","343":"P","344":"r","345":"u","346":"e","347":"b","348":"a","349":"\\","350":"\\","351":"p","352":"o","353":"k","354":"e","355":"-","356":"a","357":"p","358":"i","359":"\\","360":"\\","361":"s","362":"r","363":"c","364":"\\","365":"\\","366":"c","367":"o","368":"m","369":"p","370":"o","371":"n","372":"e","373":"n","374":"t","375":"s","376":"\\","377":"\\","378":"W","379":"e","380":"l","381":"c","382":"o","383":"m","384":"e","385":"P","386":"a","387":"g","388":"e","389":".","390":"v","391":"u","392":"e","393":"\"","394":",","395":"\"","396":"s","397":"o","398":"u","399":"r","400":"c","401":"e","402":"s","403":"C","404":"o","405":"n","406":"t","407":"e","408":"n","409":"t","410":"\"","411":":","412":"[","413":"\"","414":"<","415":"t","416":"e","417":"m","418":"p","419":"l","420":"a","421":"t","422":"e","423":">","424":"\\","425":"r","426":"\\","427":"n","428":" ","429":" ","430":" ","431":" ","432":"<","433":"d","434":"i","435":"v","436":" ","437":"c","438":"l","439":"a","440":"s","441":"s","442":"=","443":"\\","444":"\"","445":"w","446":"e","447":"l","448":"c","449":"o","450":"m","451":"e","452":"\\","453":"\"","454":">","455":"\\","456":"r","457":"\\","458":"n","459":" ","460":" ","461":" ","462":" ","463":" ","464":" ","465":" ","466":" ","467":"<","468":"i","469":"m","470":"g","471":" ","472":"s","473":"r","474":"c","475":"=","476":"\\","477":"\"","478":"/","479":"i","480":"m","481":"g","482":"/","483":"p","484":"i","485":"k","486":"a","487":"c","488":"h","489":"u","490":".","491":"s","492":"v","493":"g","494":"\\","495":"\"","496":" ","497":"a","498":"l","499":"t","500":"=","501":"\\","502":"\"","503":"\\","504":"\"","505":" ","506":"c","507":"l","508":"a","509":"s","510":"s","511":"=","512":"\\","513":"\"","514":"w","515":"e","516":"l","517":"c","518":"o","519":"m","520":"e","521":"-","522":"i","523":"m","524":"g","525":"\\","526":"\"","527":">","528":"\\","529":"r","530":"\\","531":"n","532":" ","533":" ","534":" ","535":" ","536":" ","537":" ","538":" ","539":" ","540":"<","541":"h","542":"2","543":">","544":"W","545":"e","546":"l","547":"c","548":"o","549":"m","550":"e","551":" ","552":"t","553":"o","554":" ","555":"P","556":"o","557":"k","558":"é","559":"d","560":"e"
[...]
":"t","1378":"\\","1379":"\"","1380":" ","1381":"\\","1382":"r","1383":"\\","1384":"n","1385":" ","1386":" ","1387":" ","1388":" ","1389":" ","1390":" ","1391":"v","1392":"-","1393":"m","1394":"o","1395":"d","1396":"e","1397":"l","1398":"=","1399":"\\","1400":"\"","1401":"m","1402":"o","1403":"d","1404":"e","1405":"l","1406":"V","1407":"a","1408":"l","1409":"u","1410":"e","1411":"\\","1412":"\"","1413":" ","1414":"\\","1415":"r","1416":"\\","1417":"n","1418":" ","1419":" ","1420":" ","1421":" ","1422":" ","1423":" ","1424":"p","1425":"l","1426":"a","1427":"c","1428":"e","1429":"h","1430":"o","1431":"l","1432":"d","1433":"e","1434":"r","1435":"=","1436":"\\","1437":"\"","1438":"S","1439":"e","1440":"a","1441":"r","1442":"c","1443":"h","1444":"\\","1445":"\"","1446":"\\","1447":"r","1448":"\\","1449":"n","1450":" ","1451":" ","1452":" ","1453":" ","1454":"/","1455":">","1456":"\\","1457":"r","1458":"\\","1459":"n","1460":" ","1461":" ","1462":"<","1463":"/","1464":"d","1465":"i","1466":"v","1467":">","1468":"\\","1469":"r","1470":"\\","1471":"n","1472":"<","1473":"/","1474":"t","1475":"e","1476":"m","1477":"p","1478":"l","1479":"a","1480":"t","1481":"e","1482":">","1483":"\\","1484":"r","1485":"\\","1486":"n","1487":" ","1488":" ","1489":"\\","1490":"r","1491":"\\","1492":"n","1493":" ","1494":" ","1495":"<","1496":"s","1497":"c","1498":"r","1499":"i","1500":"p","1501":"t","1502":" ","1503":"s","1504":"e","1505":"t","1506":"u","1507":"p","1508":">","1509":"\\","1510":"r","1511":"\\","1512":"n","1513":" ","1514":" ","1515":"i","1516":"m","1517":"p","1518":"o","1519":"r","1520":"t","1521":" ","1522":"{","1523":" ","1524":"d","1525":"e","1526":"f","1527":"i","1528":"n","1529":"e","1530":"M","1531":"o","1532":"d","1533":"e","1534":"l","1535":" ","1536":"}","1537":" ","1538":"f","1539":"r","1540":"o","1541":"m","1542":" ","1543":"\\","1544":"\"","1545":"v","1546":"u","1547":"e","1548":"\\","1549":"\"","1550":";","1551":"\\","1552":"r","1553":"\\","1554":"n","1555":" ","1556":" ","1557":"c","1558":"o","1559":"n","1560":"s","1561":"t","1562":" ","1563":"m","1564":"o","1565":"d","1566":"e","1567":"l","1568":"V","1569":"a","1570":"l","1571":"u","1572":"e","1573":" ","1574":"=","1575":" ","1576":"d","1577":"e","1578":"f","1579":"i","1580":"n","1581":"e","1582":"M","1583":"o","1584":"d","1585":"e","1586":"l","1587":"(","1588":")","1589":";","1590":"\\","1591":"r","1592":"\\","1593":"n","1594":" ","1595":" ","1596":"\\","1597":"r","1598":"\\","1599":"n","1600":" ","1601":" ","1602":"<","1603":"/","1604":"s","1605":"c","1606":"r","1607":"i","1608":"p","1609":"t","1610":">","1611":"\\","1612":"r","1613":"\\","1614":"n","1615":" ","1616":" ","1617":"\\","1618":"r","1619":"\\","1620":"n","1621":" ","1622":" ","1623":"<","1624":"s","1625":"t","1626":"y","1627":"l","1628":"e","1629":" ","1630":"s","1631":"c","1632":"o","1633":"p","1634":"e","1635":"d","1636":">","1637":"\\","1638":"r","1639":"\\","1640":"n","1641":" ","1642":" ","1643":".","1644":"s","1645":"e","1646":"a","1647":"r","1648":"c","1649":"h","1650":"-","1651":"i","1652":"n","1653":"p","1654":"u","1655":"t","1656":" ","1657":"{","1658":"\\","1659":"r","1660":"\\","1661":"n","1662":" ","1663":" ","1664":" ","1665":" ","1666":"d","1667":"i","1668":"s","1669":"p","1670":"l","1671":"a","1672":"y","1673":":","1674":" ","1675":"f","1676":"l","1677":"e","1678":"x","1679":";","1680":"\\","1681":"r","1682":"\\","1683":"n","1684":" ","1685":" ","1686":" ","1687":" ","1688":"a","1689":"l","1690":"i","1691":"g","1692":"n","1693":"-","1694":"i","1695":"t","1696":"e","1697":"m","1698":"s","1699":":","1700":" ","1701":"c","1702":"e","1703":"n","1704":"t","1705":"e","1706":"r","1707":";","1708":"\\","1709":"r","1710":"\\","1711":"n","1712":" ","1713":" ","1714":" ","1715":" ","1716":"b","1717":"o","1718":"r","1719":"d","1720":"e","1721":"r","1722":"-","1723":"r","1724":"a","1725":"d","1726":"i","1727":"u","1728":"s","1729":":","1730":" ","1731":"v","1732":"a","1733":"r","1734":"(","1735":"-","1736":"-","1737":"r","1738":"a","1739":"d","1740":"i","1741":"u","1742":"s","1743":"-","1744":"s","1745":"m","1746":")","1747":";","1748":"\\","1749":"r","1750":"\\","1751":"n","1752":" ","1753":" ","1754":" ","1755":" ","1756":"p","1757":"a","1758":"d","1759":"d","1760":"i","1761":"n","1762":"g","1763":":","1764":" ","1765":"1","1766":"5","1767":"p","1768":"x","1769":" ","1770":"1","1771":"6","1772":"p","1773":"x","1774":";","1775":"\\","1776":"r","1777":"\\","1778":"n","1779":" ","1780":" ","1781":" ","1782":" ","1783":"w","1784":"i","1785":"d","1786":"t","1787":"h","1788":":","1789":" ","1790":"a","1791":"u","1792":"t","1793":"o","1794":";","1795":"\\","1796":"r","1797":"\\","1798":"n","1799":" ","1800":" ","1801":" ","1802":" ","1803":"m","1804":"i","1805":"n","1806":"-","1807":"w","1808":"i","1809":"d","1810":"t","1811":"h","1812":":","1813":" ","1814":"3","1815":"1","1816":"5","1817":"p","1818":"x","1819":";","1820":"\\","1821":"r","1822":"\\","1823":"n","1824":" ","1825":" ","1826":" ","1827":" ","1828":"h","1829":"e","1830":"i","1831":"g","1832":"h","1833":"t","1834":":","1835":" ","1836":"5","1837":"0","1838":"p","1839":"x","1840":";","1841":"\\","1842":"r","1843":"\\","1844":"n","1845":" ","1846":" ","1847":" ","1848":" ","1849":"b","1850":"o","1851":"x","1852":"-","1853":"s","1854":"h","1855":"a","1856":"d","1857":"o","1858":"w","1859":":","1860":" ","1861":"0","1862":"p","1863":"x","1864":" ","1865":"2","1866":"p","1867":"x","1868":" ","1869":"1","1870":"0","1871":"p","1872":"x","1873":" ","1874":"0","1875":"p","1876":"x","1877":" ","1878":"#","1879":"0","1880":"0","1881":"0","1882":"0","1883":"0","1884":"0","1885":"0","1886":"A","1887":";","1888":"\\","1889":"r","1890":"\\","1891":"n","1892":" ","1893":" ","1894":" ","1895":" ","1896":"b","1897":"o","1898":"x","1899":"-","1900":"s","1901":"i","1902":"z","1903":"i","1904":"n","1905":"g","1906":":","1907":" ","1908":"b","1909":"o","1910":"r","1911":"d","1912":"e","1913":"r","1914":"-","1915":"b","1916":"o","1917":"x","1918":";","1919":"\\","1920":"r","1921":"\\","1922":"n","1923":" ","1924":" ","1925":" ","1926":" ","1927":"b","1928":"o","1929":"r","1930":"d","1931":"e","1932":"r","1933":":","1934":" ","1935":"n","1936":"o","1937":"n","1938":"e","1939":";","1940":"\\","1941":"r","1942":"\\","1943":"n","1944":" ","1945":" ","1946":" ","1947":" ","1948":"b","1949":"a","1950":"c","1951":"k","1952":"g","1953":"r","1954":"o","1955":"u","1956":"n","1957":"d","1958":":","1959":" ","1960":"v","1961":"a","1962":"r","1963":"(","1964":"-","1965":"-","1966":"c","1967":"o","1968":"l","1969":"o","1970":"r","1971":"-","1972":"w","1973":"h","1974":"i","1975":"t","1976":"e","1977":")","1978":";","1979":"\\","1980":"r","1981":"\\","1982":"n","1983":" ","1984":" ","1985":"}","1986":"\\","1987":"r","1988":"\\","1989":"n","1990":"\\","1991":"r","1992":"\\","1993":"n","1994":" ","1995":" ","1996":".","1997":"s","1998":"e","1999":"a","2000":"r","2001":"c","2002":"h","2003":"-","2004":"i","2005":"n","2006":"p","2007":"u","2008":"t","2009":" ","2010":"i","2011":"n","2012":"p","2013":"u","2014":"t","2015":"{","2016":"\\","2017":"r","2018":"\\","2019":"n","2020":" ","2021":" ","2022":"b","2023":"a","2024":"c","2025":"k","2026":"g","2027":"r","2028":"o","2029":"u","2030":"n","2031":"d","2032":":","2033":"v","2034":"a","2035":"r","2036":"(","2037":"-","2038":"-","2039":"c","2040":"o","2041":"l","2042":"o","2043":"r","2044":"-","2045":"w","2046":"h","2047":"i","2048":"t","2049":"e","2050":")","2051":";","2052":" ","2053":"\\","2054":"r","2055":"\\","2056":"n","2057":" ","2058":" ","2059":"c","2060":"o","2061":"l","2062":"o","2063":"r","2064":":","2065":"v","2066":"a","2067":"r","2068":"(","2069":"-","2070":"-","2071":"c","2072":"o","2073":"l","2074":"o","2075":"r","2076":"-","2077":"d","2078":"a","2079":"r","2080":"k","2081":"-","2082":"g","2083":"r","2084":"a","2085":"y","2086":")","2087":";","2088":"\\","2089":"r","2090":"\\","2091":"n","2092":" ","2093":" ","2094":"f","2095":"o","2096":"n","2097":"t","2098":"-","2099":"w","2100":"e","2101":"i","2102":"g","2103":"h","2104":"t","2105":":","2106":" ","2107":"v","2108":"a","2109":"r","2110":"(","2111":"-","2112":"-","2113":"f","2114":"o","2115":"n","2116":"t","2117":"-","2118":"w","2119":"e","2120":"i","2121":"g","2122":"h","2123":"t","2124":"-","2125":"b","2126":"a","2127":"s","2128":"e","2129":")","2130":";","2131":"\\","2132":"r","2133":"\\","2134":"n","2135":" ","2136":" ","2137":"f","2138":"o","2139":"n","2140":"t","2141":"-","2142":"f","2143":"a","2144":"m","2145":"i","2146":"l","2147":"y","2148":":","2149":" ","2150":"v","2151":"a","2152":"r","2153":"(","2154":"-","2155":"-","2156":"f","2157":"o","2158":"n","2159":"t","2160":"-","2161":"s","2162":"e","2163":"c","2164":"o","2165":"n","2166":"d","2167":"a","2168":"r","2169":"y","2170":")","2171":";","2172":"\\","2173":"r","2174":"\\","2175":"n","2176":" ","2177":" ","2178":"f","2179":"o","2180":"n","2181":"t","2182":"-","2183":"s","2184":"i","2185":"z","2186":"e","2187":":","2188":" ","2189":"v","2190":"a","2191":"r","2192":"(","2193":"-","2194":"-","2195":"f","2196":"o","2197":"n","2198":"t","2199":"-","2200":"s","2201":"i","2202":"z","2203":"e","2204":"-","2205":"b","2206":"a","2207":"s","2208":"e","2209":")","2210":";","2211":"\\","2212":"r","2213":"\\","2214":"n","2215":" ","2216":" ","2217":"}","2218":"\\","2219":"r","2220":"\\","2221":"n","2222":"\\","2223":"r","2224":"\\","2225":"n","2226":" ","2227":" ","2228":"@","2229":"m","2230":"e","2231":"d","2232":"i","2233":"a","2234":" ","2235":"(","2236":"m","2237":"i","2238":"n","2239":"-","2240":"w","2241":"i","2242":"d","2243":"t","2244":"h","2245":":","2246":" ","2247":"7","2248":"6","2249":"8","2250":"p","2251":"x","2252":")","2253":" ","2254":"{","2255":"\\","2256":"r","2257":"\\","2258":"n","2259":" ","2260":" ","2261":" ","2262":" ","2263":".","2264":"s","2265":"e","2266":"a","2267":"r","2268":"c","2269":"h","2270":"-","2271":"i","2272":"n","2273":"p","2274":"u","2275":"t","2276":" ","2277":"{","2278":"\\","2279":"r","2280":"\\","2281":"n","2282":" ","2283":" ","2284":" ","2285":" ","2286":" ","2287":" ","2288":"w","2289":"i","2290":"d","2291":"t","2292":"h","2293":":","2294":" ","2295":"5","2296":"7","2297":"0","2298":"p","2299":"x","2300":";","2301":"\\","2302":"r","2303":"\\","2304":"n","2305":" ","2306":" ","2307":" ","2308":" ","2309":"}","2310":"\\","2311":"r","2312":"\\","2313":"n","2314":" ","2315":" ","2316":"}","2317":"\\","2318":"r","2319":"\\","2320":"n","2321":" ","2322":" ","2323":"\\","2324":"r","2325":"\\","2326":"n","2327":" ","2328":" ","2329":".","2330":"b","2331":"t","2332":"n","2333":"-","2334":"i","2335":"c","2336":"o","2337":"n","2338":" ","2339":"{","2340":"\\","2341":"r","2342":"\\","2343":"n","2344":" ","2345":" ","2346":" ","2347":" ","2348":"b","2349":"a","2350":"c","2351":"k","2352":"g","2353":"r","2354":"o","2355":"u","2356":"n","2357":"d","2358":":","2359":" ","2360":"t","2361":"r","2362":"a","2363":"n","2364":"s","2365":"p","2366":"a","2367":"r","2368":"e","2369":"n","2370":"t","2371":";","2372":"\\","2373":"r","2374":"\\","2375":"n","2376":" ","2377":" ","2378":" ","2379":" ","2380":"b","2381":"o","2382":"r","2383":"d","2384":"e","2385":"r","2386":":","2387":" ","2388":"n","2389":"o","2390":"n","2391":"e","2392":";","2393":"\\","2394":"r","2395":"\\","2396":"n","2397":" ","2398":" ","2399":" ","2400":" ","2401":"m","2402":"a","2403":"r","2404":"g","2405":"i","2406":"n","2407":":","2408":" ","2409":"0","2410":";","2411":"\\","2412":"r","2413":"\\","2414":"n","2415":" ","2416":" ","2417":" ","2418":" ","2419":"m","2420":"a","2421":"r","2422":"g","2423":"i","2424":"n","2425":"-","2426":"r","2427":"i","2428":"g","2429":"h","2430":"t","2431":":","2432":" ","2433":"1","2434":"0","2435":"p","2436":"x","2437":";","2438":"\\","2439":"r","2440":"\\","2441":"n","2442":" ","2443":" ","2444":" ","2445":" ","2446":"c","2447":"u","2448":"r","2449":"s","2450":"o","2451":"r","2452":":","2453":"p","2454":"o","2455":"i","2456":"n","2457":"t","2458":"e","2459":"r","2460":";","2461":"\\","2462":"r","2463":"\\","2464":"n","2465":" ","2466":" ","2467":"}","2468":"\\","2469":"r","2470":"\\","2471":"n","2472":" ","2473":" ","2474":"\\","2475":"r","2476":"\\","2477":"n","2478":" ","2479":" ","2480":"i","2481":"n","2482":"p","2483":"u","2484":"t","2485":" ","2486":"{","2487":"\\","2488":"r","2489":"\\","2490":"n","2491":" ","2492":" ","2493":" ","2494":" ","2495":"b","2496":"o","2497":"r","2498":"d","2499":"e","2500":"r","2501":":","2502":" ","2503":"n","2504":"o","2505":"n","2506":"e","2507":";","2508":"\\","2509":"r","2510":"\\","2511":"n","2512":" ","2513":" ","2514":" ","2515":" ","2516":"o","2517":"u","2518":"t","2519":"l","2520":"i","2521":"n","2522":"e","2523":":","2524":" ","2525":"n","2526":"o","2527":"n","2528":"e","2529":";","2530":"\\","2531":"r","2532":"\\","2533":"n","2534":" ","2535":" ","2536":" ","2537":" ","2538":"f","2539":"l","2540":"e","2541":"x","2542":":","2543":" ","2544":"1","2545":";","2546":"\\","2547":"r","2548":"\\","2549":"n","2550":" ","2551":" ","2552":"}","2553":"\\","2554":"r","2555":"\\","2556":"n","2557":" ","2558":" ","2559":"<","2560":"/","2561":"s","2562":"t","2563":"y","2564":"l","2565":"e","2566":">","2567":"\"","2568":"]","2569":"}"},"_coverageSchema":"1a1c01bbd47fc00a2c39e90264f33305004495a9","hash":"7f92781aaa1247b4e28f8586653b5417c6f09808"}
,"C:\\Users\\dtama\\Music\\Vuejs Prueba\\poke-api\\src\\composables\\usePokemon.js": {"path":"C:\\Users\\dtama\\Music\\Vuejs Prueba\\poke-api\\src\\composables\\usePokemon.js","statementMap":{"0":{"start":{"line":4,"column":22},"end":{"line":4,"column":31}},"1":{"start":{"line":5,"column":20},"end":{"line":5,"column":30}},"2":{"start":{"line":6,"column":16},"end":{"line":6,"column":25}},"3":{"start":{"line":7,"column":22},"end":{"line":7,"column":29}},"4":{"start":{"line":9,"column":23},"end":{"line":21,"column":3}},"5":{"start":{"line":10,"column":4},"end":{"line":10,"column":27}},"6":{"start":{"line":11,"column":4},"end":{"line":11,"column":23}},"7":{"start":{"line":12,"column":4},"end":{"line":20,"column":5}},"8":{"start":{"line":13,"column":23},"end":{"line":13,"column":86}},"9":{"start":{"line":14,"column":6},"end":{"line":14,"column":65}},"10":{"start":{"line":14,"column":24},"end":{"line":14,"column":65}},"11":{"start":{"line":15,"column":6},"end":{"line":15,"column":48}},"12":{"start":{"line":17,"column":6},"end":{"line":17,"column":32}},"13":{"start":{"line":19,"column":6},"end":{"line":19,"column":30}},"14":{"start":{"line":23,"column":30},"end":{"line":35,"column":3}},"15":{"start":{"line":24,"column":4},"end":{"line":24,"column":27}},"16":{"start":{"line":25,"column":4},"end":{"line":34,"column":5}},"17":{"start":{"line":26,"column":23},"end":{"line":26,"column":82}},"18":{"start":{"line":27,"column":6},"end":{"line":27,"column":80}},"19":{"start":{"line":27,"column":24},"end":{"line":27,"column":80}},"20":{"start":{"line":28,"column":19},"end":{"line":28,"column":40}},"21":{"start":{"line":29,"column":6},"end":{"line":29,"column":39}},"22":{"start":{"line":31,"column":6},"end":{"line":31,"column":32}},"23":{"start":{"line":33,"column":6},"end":{"line":33,"column":30}},"24":{"start":{"line":37,"column":24},"end":{"line":45,"column":3}},"25":{"start":{"line":38,"column":4},"end":{"line":41,"column":5}},"26":{"start":{"line":39,"column":6},"end":{"line":39,"column":28}},"27":{"start":{"line":40,"column":6},"end":{"line":40,"column":13}},"28":{"start":{"line":42,"column":4},"end":{"line":44,"column":6}},"29":{"start":{"line":43,"column":6},"end":{"line":43,"column":62}},"30":{"start":{"line":47,"column":2},"end":{"line":47,"column":33}},"31":{"start":{"line":49,"column":2},"end":{"line":57,"column":4}}},"fnMap":{"0":{"name":"usePokemon","decl":{"start":{"line":3,"column":16},"end":{"line":3,"column":26}},"loc":{"start":{"line":3,"column":29},"end":{"line":58,"column":1}},"line":3},"1":{"name":"(anonymous_1)","decl":{"start":{"line":9,"column":23},"end":{"line":9,"column":24}},"loc":{"start":{"line":9,"column":46},"end":{"line":21,"column":3}},"line":9},"2":{"name":"(anonymous_2)","decl":{"start":{"line":23,"column":30},"end":{"line":23,"column":31}},"loc":{"start":{"line":23,"column":42},"end":{"line":35,"column":3}},"line":23},"3":{"name":"(anonymous_3)","decl":{"start":{"line":37,"column":24},"end":{"line":37,"column":25}},"loc":{"start":{"line":37,"column":35},"end":{"line":45,"column":3}},"line":37},"4":{"name":"(anonymous_4)","decl":{"start":{"line":42,"column":49},"end":{"line":42,"column":50}},"loc":{"start":{"line":43,"column":6},"end":{"line":43,"column":62}},"line":43}},"branchMap":{"0":{"loc":{"start":{"line":14,"column":6},"end":{"line":14,"column":65}},"type":"if","locations":[{"start":{"line":14,"column":6},"end":{"line":14,"column":65}},{"start":{},"end":{}}],"line":14},"1":{"loc":{"start":{"line":27,"column":6},"end":{"line":27,"column":80}},"type":"if","locations":[{"start":{"line":27,"column":6},"end":{"line":27,"column":80}},{"start":{},"end":{}}],"line":27},"2":{"loc":{"start":{"line":38,"column":4},"end":{"line":41,"column":5}},"type":"if","locations":[{"start":{"line":38,"column":4},"end":{"line":41,"column":5}},{"start":{},"end":{}}],"line":38}},"s":{"0":4,"1":4,"2":4,"3":4,"4":4,"5":0,"6":0,"7":0,"8":0,"9":0,"10":0,"11":0,"12":0,"13":0,"14":4,"15":5,"16":5,"17":5,"18":0,"19":0,"20":0,"21":0,"22":5,"23":5,"24":4,"25":0,"26":0,"27":0,"28":0,"29":0,"30":4,"31":4},"f":{"0":4,"1":0,"2":5,"3":0,"4":0},"b":{"0":[0,0],"1":[0,0],"2":[0,0]},"_coverageSchema":"1a1c01bbd47fc00a2c39e90264f33305004495a9","hash":"92491826e6991484bff61edf148d3e14f56180c5"}
,"C:\\Users\\dtama\\Music\\Vuejs Prueba\\poke-api\\src\\stores\\useFavoritesStore.js": {"path":"C:\\Users\\dtama\\Music\\Vuejs Prueba\\poke-api\\src\\stores\\useFavoritesStore.js","statementMap":{"0":{"start":{"line":4,"column":33},"end":{"line":24,"column":2}},"1":{"start":{"line":5,"column":20},"end":{"line":5,"column":27}},"2":{"start":{"line":7,"column":21},"end":{"line":8,"column":56}},"3":{"start":{"line":8,"column":4},"end":{"line":8,"column":56}},"4":{"start":{"line":8,"column":32},"end":{"line":8,"column":55}},"5":{"start":{"line":10,"column":25},"end":{"line":17,"column":3}},"6":{"start":{"line":11,"column":18},"end":{"line":11,"column":75}},"7":{"start":{"line":11,"column":51},"end":{"line":11,"column":74}},"8":{"start":{"line":12,"column":4},"end":{"line":16,"column":5}},"9":{"start":{"line":13,"column":6},"end":{"line":13,"column":36}},"10":{"start":{"line":15,"column":6},"end":{"line":15,"column":39}},"11":{"start":{"line":19,"column":2},"end":{"line":23,"column":4}}},"fnMap":{"0":{"name":"(anonymous_0)","decl":{"start":{"line":4,"column":58},"end":{"line":4,"column":59}},"loc":{"start":{"line":4,"column":64},"end":{"line":24,"column":1}},"line":4},"1":{"name":"(anonymous_1)","decl":{"start":{"line":7,"column":21},"end":{"line":7,"column":22}},"loc":{"start":{"line":8,"column":4},"end":{"line":8,"column":56}},"line":8},"2":{"name":"(anonymous_2)","decl":{"start":{"line":8,"column":25},"end":{"line":8,"column":26}},"loc":{"start":{"line":8,"column":32},"end":{"line":8,"column":55}},"line":8},"3":{"name":"(anonymous_3)","decl":{"start":{"line":10,"column":25},"end":{"line":10,"column":26}},"loc":{"start":{"line":10,"column":38},"end":{"line":17,"column":3}},"line":10},"4":{"name":"(anonymous_4)","decl":{"start":{"line":11,"column":44},"end":{"line":11,"column":45}},"loc":{"start":{"line":11,"column":51},"end":{"line":11,"column":74}},"line":11}},"branchMap":{"0":{"loc":{"start":{"line":12,"column":4},"end":{"line":16,"column":5}},"type":"if","locations":[{"start":{"line":12,"column":4},"end":{"line":16,"column":5}},{"start":{"line":14,"column":11},"end":{"line":16,"column":5}}],"line":12}},"s":{"0":5,"1":14,"2":14,"3":12,"4":0,"5":14,"6":0,"7":0,"8":0,"9":0,"10":0,"11":14},"f":{"0":14,"1":12,"2":0,"3":0,"4":0},"b":{"0":[0,0]},"_coverageSchema":"1a1c01bbd47fc00a2c39e90264f33305004495a9","hash":"0c08d71daf1e1c3fec7a14f5debc08e510ae03f0"}
}
