TN:
SF:src\components\HomePage.vue
FN:199,render
FN:208,(anonymous_1)
FN:211,(anonymous_2)
FN:216,(anonymous_3)
FN:226,(anonymous_4)
FN:232,(anonymous_5)
FNF:6
FNH:3
FNDA:5,render
FNDA:0,(anonymous_1)
FNDA:0,(anonymous_2)
FNDA:0,(anonymous_3)
FNDA:5,(anonymous_4)
FNDA:1,(anonymous_5)
DA:4,1
DA:5,1
DA:8,1
DA:9,1
DA:10,1
DA:181,1
DA:184,1
DA:185,1
DA:186,1
DA:187,1
DA:188,1
DA:191,1
DA:195,1
DA:200,5
DA:208,0
DA:212,0
DA:216,0
DA:226,5
DA:232,1
DA:237,1
LF:20
LH:17
BRDA:208,0,0,5
BRDA:208,0,1,4
BRDA:209,1,0,0
BRDA:209,1,1,5
BRDA:218,2,0,5
BRDA:218,2,1,4
BRDA:218,3,0,5
BRDA:218,3,1,4
BRDA:223,4,0,1
BRDA:223,4,1,4
BRDA:226,5,0,1
BRDA:226,5,1,4
BRF:12
BRH:11
end_of_record
TN:
SF:src\components\WelcomePage.vue
FN:64,render
FNF:1
FNH:1
FNDA:2,render
DA:4,1
DA:5,1
DA:8,1
DA:9,1
DA:56,1
DA:59,1
DA:60,1
DA:61,1
DA:65,2
DA:73,1
LF:10
LH:10
BRDA:65,0,0,2
BRDA:65,0,1,2
BRDA:69,1,0,2
BRDA:69,1,1,2
BRDA:69,2,0,2
BRDA:69,2,1,2
BRF:6
BRH:6
end_of_record
TN:
SF:src\components\shared-components\BottomBar.vue
FN:75,render
FN:80,(anonymous_1)
FN:88,(anonymous_2)
FNF:3
FNH:3
FNDA:3,render
FNDA:2,(anonymous_1)
FNDA:2,(anonymous_2)
DA:4,2
DA:5,2
DA:8,2
DA:67,2
DA:70,2
DA:71,2
DA:72,2
DA:76,3
DA:80,2
DA:88,2
DA:90,2
LF:11
LH:11
BRDA:80,0,0,3
BRDA:80,0,1,3
BRDA:83,1,0,1
BRDA:83,1,1,2
BRDA:86,2,0,1
BRDA:86,2,1,2
BRDA:88,3,0,3
BRDA:88,3,1,3
BRF:8
BRH:8
end_of_record
TN:
SF:src\components\shared-components\ButtonComponent.vue
FN:76,render
FNF:1
FNH:1
FNDA:5,render
DA:4,4
DA:7,4
DA:69,4
DA:72,4
DA:73,4
DA:74,4
DA:75,4
DA:77,5
DA:85,4
LF:9
LH:9
BRDA:80,0,0,1
BRDA:80,0,1,4
BRF:2
BRH:2
end_of_record
TN:
SF:src\components\shared-components\CopiedNotification.vue
FN:13,(anonymous_0)
FN:37,render
FN:41,(anonymous_2)
FNF:3
FNH:3
FNDA:6,(anonymous_0)
FNDA:6,render
FNDA:6,(anonymous_2)
DA:4,3
DA:7,3
DA:8,3
DA:16,6
DA:17,6
DA:18,6
DA:22,6
DA:27,3
DA:30,3
DA:31,3
DA:32,3
DA:38,6
DA:41,6
DA:85,3
LF:14
LH:14
BRDA:41,0,0,1
BRDA:41,0,1,5
BRDA:41,1,0,1
BRDA:41,1,1,1
BRF:4
BRH:4
end_of_record
TN:
SF:src\components\shared-components\FavoriteButton.vue
FN:75,render
FNF:1
FNH:1
FNDA:15,render
DA:4,4
DA:7,4
DA:69,4
DA:72,4
DA:73,4
DA:74,4
DA:76,15
DA:88,4
LF:8
LH:8
BRDA:83,0,0,1
BRDA:83,0,1,14
BRDA:85,1,0,15
BRDA:85,1,1,10
BRF:4
BRH:4
end_of_record
TN:
SF:src\components\shared-components\ListComponent.vue
FN:50,render
FNF:1
FNH:1
FNDA:6,render
DA:4,2
DA:5,2
DA:8,2
DA:39,2
DA:42,2
DA:43,2
DA:44,2
DA:47,2
DA:51,6
DA:54,2
LF:10
LH:10
BRF:0
BRH:0
end_of_record
TN:
SF:src\components\shared-components\LoadingScreen.vue
FN:64,render
FNF:1
FNH:1
FNDA:3,render
DA:4,2
DA:7,2
DA:59,2
DA:62,2
DA:63,2
DA:65,3
DA:111,2
LF:7
LH:7
BRDA:73,0,0,2
BRDA:73,0,1,1
BRDA:108,1,0,3
BRDA:108,1,1,1
BRF:4
BRH:4
end_of_record
TN:
SF:src\components\shared-components\PokeCard.vue
FN:99,render
FN:102,(anonymous_1)
FNF:2
FNH:2
FNDA:9,render
FNDA:1,(anonymous_1)
DA:4,2
DA:5,2
DA:8,2
DA:81,2
DA:84,2
DA:85,2
DA:86,2
DA:89,2
DA:90,2
DA:93,2
DA:96,2
DA:100,9
DA:102,1
DA:124,2
LF:14
LH:14
BRDA:102,0,0,9
BRDA:102,0,1,4
BRDA:103,1,0,9
BRDA:103,1,1,4
BRDA:110,2,0,9
BRDA:110,2,1,4
BRDA:110,3,0,9
BRDA:110,3,1,4
BRDA:110,4,0,9
BRDA:110,4,1,4
BRDA:110,5,0,9
BRDA:110,5,1,4
BRDA:110,6,0,9
BRDA:110,6,1,4
BRDA:110,7,0,9
BRDA:110,7,1,4
BRDA:110,8,0,9
BRDA:110,8,1,4
BRDA:110,9,0,9
BRDA:110,9,1,4
BRF:20
BRH:20
end_of_record
TN:
SF:src\components\shared-components\SearchField.vue
FN:50,render
FN:65,(anonymous_1)
FNF:2
FNH:2
FNDA:4,render
FNDA:1,(anonymous_1)
DA:4,2
DA:7,2
DA:42,2
DA:45,2
DA:46,2
DA:47,2
DA:51,4
DA:65,1
DA:68,2
LF:9
LH:9
BRDA:51,0,0,4
BRDA:51,0,1,3
BRDA:65,1,0,4
BRDA:65,1,1,3
BRF:4
BRH:4
end_of_record
TN:
SF:src\composables\usePokemon.js
FN:3,usePokemon
FN:9,(anonymous_1)
FN:23,(anonymous_2)
FN:37,(anonymous_3)
FN:42,(anonymous_4)
FNF:5
FNH:2
FNDA:4,usePokemon
FNDA:0,(anonymous_1)
FNDA:5,(anonymous_2)
FNDA:0,(anonymous_3)
FNDA:0,(anonymous_4)
DA:4,4
DA:5,4
DA:6,4
DA:7,4
DA:9,4
DA:10,0
DA:11,0
DA:12,0
DA:13,0
DA:14,0
DA:15,0
DA:17,0
DA:19,0
DA:23,4
DA:24,5
DA:25,5
DA:26,5
DA:27,0
DA:28,0
DA:29,0
DA:31,5
DA:33,5
DA:37,4
DA:38,0
DA:39,0
DA:40,0
DA:42,0
DA:43,0
DA:47,4
DA:49,4
LF:30
LH:14
BRDA:14,0,0,0
BRDA:14,0,1,0
BRDA:27,1,0,0
BRDA:27,1,1,0
BRDA:38,2,0,0
BRDA:38,2,1,0
BRF:6
BRH:0
end_of_record
TN:
SF:src\stores\useFavoritesStore.js
FN:4,(anonymous_0)
FN:7,(anonymous_1)
FN:8,(anonymous_2)
FN:10,(anonymous_3)
FN:11,(anonymous_4)
FNF:5
FNH:2
FNDA:14,(anonymous_0)
FNDA:12,(anonymous_1)
FNDA:0,(anonymous_2)
FNDA:0,(anonymous_3)
FNDA:0,(anonymous_4)
DA:4,5
DA:5,14
DA:7,14
DA:8,12
DA:10,14
DA:11,0
DA:12,0
DA:13,0
DA:15,0
DA:19,14
LF:10
LH:6
BRDA:12,0,0,0
BRDA:12,0,1,0
BRF:2
BRH:0
end_of_record
